#
# There is insufficient memory for the Java Runtime Environment to continue.
# Native memory allocation (malloc) failed to allocate 32744 bytes for ChunkPool::allocate
# Possible reasons:
#   The system is out of physical RAM or swap space
#   In 32 bit mode, the process size limit was hit
# Possible solutions:
#   Reduce memory load on the system
#   Increase physical memory or swap space
#   Check if swap backing store is full
#   Use 64 bit Java on a 64 bit OS
#   Decrease Java heap size (-Xmx/-Xms)
#   Decrease number of Java threads
#   Decrease Java thread stack sizes (-Xss)
#   Set larger code cache with -XX:ReservedCodeCacheSize=
# This output file may be truncated or incomplete.
#
#  Out of Memory Error (allocation.cpp:273), pid=5536, tid=0x0000000000000e8c
#
# JRE version: Java(TM) SE Runtime Environment (8.0_121-b13) (build 1.8.0_121-b13)
# Java VM: Java HotSpot(TM) 64-Bit Server VM (25.121-b13 mixed mode windows-amd64 compressed oops)
# Failed to write core dump. Minidumps are not enabled by default on client versions of Windows
#

---------------  T H R E A D  ---------------

Current thread (0x0000000014d19000):  JavaThread "C2 CompilerThread0" daemon [_thread_in_native, id=3724, stack(0x0000000015d50000,0x0000000015e50000)]

Stack: [0x0000000015d50000,0x0000000015e50000]
[error occurred during error reporting (printing stack bounds), id 0xc0000005]

Native frames: (J=compiled Java code, j=interpreted, Vv=VM code, C=native code)


Current CompileTask:
C2: 290130 2245       4       sun.awt.windows.WFramePeer::initialize (44 bytes)


---------------  P R O C E S S  ---------------

Java Threads: ( => current thread )
  0x0000000002900800 JavaThread "DestroyJavaVM" [_thread_blocked, id=3280, stack(0x0000000000f10000,0x0000000001010000)]
  0x0000000016904000 JavaThread "AWT-EventQueue-0" [_thread_in_native, id=9596, stack(0x0000000017180000,0x0000000017280000)]
  0x00000000168a8800 JavaThread "AWT-Windows" daemon [_thread_in_native, id=8788, stack(0x0000000016b50000,0x0000000016c50000)]
  0x0000000016855800 JavaThread "AWT-Shutdown" [_thread_blocked, id=1516, stack(0x0000000016a50000,0x0000000016b50000)]
  0x0000000016855000 JavaThread "Java2D Disposer" daemon [_thread_blocked, id=2324, stack(0x0000000016950000,0x0000000016a50000)]
  0x0000000014d8c800 JavaThread "Service Thread" daemon [_thread_blocked, id=8280, stack(0x0000000015f50000,0x0000000016050000)]
  0x0000000014d1c000 JavaThread "C1 CompilerThread1" daemon [_thread_blocked, id=1940, stack(0x0000000015e50000,0x0000000015f50000)]
=>0x0000000014d19000 JavaThread "C2 CompilerThread0" daemon [_thread_in_native, id=3724, stack(0x0000000015d50000,0x0000000015e50000)]
  0x0000000014d17800 JavaThread "Attach Listener" daemon [_thread_blocked, id=7320, stack(0x0000000015c50000,0x0000000015d50000)]
  0x0000000014d14000 JavaThread "Signal Dispatcher" daemon [_thread_blocked, id=6052, stack(0x0000000015b50000,0x0000000015c50000)]
  0x0000000014d08800 JavaThread "Finalizer" daemon [_thread_blocked, id=1444, stack(0x0000000015950000,0x0000000015a50000)]
  0x00000000029ec800 JavaThread "Reference Handler" daemon [_thread_blocked, id=5636, stack(0x0000000015850000,0x0000000015950000)]

Other Threads:
  0x0000000014ce5000 VMThread [stack: 0x0000000015750000,0x0000000015850000] [id=9664]
  0x0000000014d92000 WatcherThread [stack: 0x0000000016450000,0x0000000016550000] [id=6488]

VM state:not at safepoint (normal execution)

VM Mutex/Monitor currently owned by a thread: None

Heap:
 PSYoungGen      total 49664K, used 48337K [0x00000000eb780000, 0x00000000f1380000, 0x0000000100000000)
  eden space 16896K, 95% used [0x00000000eb780000,0x00000000ec754748,0x00000000ec800000)
  from space 32768K, 98% used [0x00000000eec00000,0x00000000f0b60010,0x00000000f0c00000)
  to   space 36864K, 0% used [0x00000000ec800000,0x00000000ec800000,0x00000000eec00000)
 ParOldGen       total 133120K, used 77307K [0x00000000c2600000, 0x00000000ca800000, 0x00000000eb780000)
  object space 133120K, 58% used [0x00000000c2600000,0x00000000c717ee80,0x00000000ca800000)
 Metaspace       used 12672K, capacity 12926K, committed 13184K, reserved 1060864K
  class space    used 1497K, capacity 1575K, committed 1664K, reserved 1048576K

Card table byte_map: [0x0000000011dc0000,0x0000000011fb0000] byte_map_base: 0x00000000117ad000

Marking Bits: (ParMarkBitMap*) 0x000000005a7db6d0
 Begin Bits: [0x0000000012300000, 0x0000000013268000)
 End Bits:   [0x0000000013268000, 0x00000000141d0000)

Polling page: 0x0000000001010000

CodeCache: size=245760Kb used=7758Kb max_used=7769Kb free=238001Kb
 bounds [0x0000000002a00000, 0x00000000031e0000, 0x0000000011a00000]
 total_blobs=2581 nmethods=2100 adapters=394
 compilation: enabled

Compilation events (10 events):
Event: 278.496 Thread 0x0000000014d19000 nmethod 2240 0x0000000002d22b90 code [0x0000000002d22ce0, 0x0000000002d22dc8]
Event: 288.586 Thread 0x0000000014d19000 2241       4       com.sun.java.swing.SwingUtilities3::getDelegateRepaintManager (73 bytes)
Event: 288.589 Thread 0x0000000014d19000 nmethod 2241 0x0000000002d22750 code [0x0000000002d228a0, 0x0000000002d229a8]
Event: 289.963 Thread 0x0000000014d19000 2242   !   4       sun.awt.windows.WWindowPeer::setOpaque (190 bytes)
Event: 289.966 Thread 0x0000000014d19000 nmethod 2242 0x0000000002c02050 code [0x0000000002c02180, 0x0000000002c023f8]
Event: 289.987 Thread 0x0000000014d19000 2243       4       java.awt.AWTEventMulticaster::add (9 bytes)
Event: 289.991 Thread 0x0000000014d19000 nmethod 2243 0x0000000002c01bd0 code [0x0000000002c01d20, 0x0000000002c01e78]
Event: 290.020 Thread 0x0000000014d19000 2244       4       sun.awt.windows.WComponentPeer::checkCreation (41 bytes)
Event: 290.021 Thread 0x0000000014d19000 nmethod 2244 0x0000000002c6d610 code [0x0000000002c6d740, 0x0000000002c6d7f8]
Event: 290.021 Thread 0x0000000014d19000 2245       4       sun.awt.windows.WFramePeer::initialize (44 bytes)

GC Heap History (10 events):
Event: 173.014 GC heap before
{Heap before GC invocations=14 (full 1):
 PSYoungGen      total 37376K, used 37216K [0x00000000eb780000, 0x00000000ef980000, 0x0000000100000000)
  eden space 14848K, 100% used [0x00000000eb780000,0x00000000ec600000,0x00000000ec600000)
  from space 22528K, 99% used [0x00000000ede80000,0x00000000ef458000,0x00000000ef480000)
  to   space 25088K, 0% used [0x00000000ec600000,0x00000000ec600000,0x00000000ede80000)
 ParOldGen       total 77312K, used 58705K [0x00000000c2600000, 0x00000000c7180000, 0x00000000eb780000)
  object space 77312K, 75% used [0x00000000c2600000,0x00000000c5f54490,0x00000000c7180000)
 Metaspace       used 12672K, capacity 12926K, committed 13184K, reserved 1060864K
  class space    used 1497K, capacity 1575K, committed 1664K, reserved 1048576K
Event: 173.095 GC heap after
Heap after GC invocations=14 (full 1):
 PSYoungGen      total 39936K, used 25088K [0x00000000eb780000, 0x00000000f0300000, 0x0000000100000000)
  eden space 14848K, 0% used [0x00000000eb780000,0x00000000eb780000,0x00000000ec600000)
  from space 25088K, 100% used [0x00000000ec600000,0x00000000ede80000,0x00000000ede80000)
  to   space 29696K, 0% used [0x00000000ee600000,0x00000000ee600000,0x00000000f0300000)
 ParOldGen       total 77312K, used 62895K [0x00000000c2600000, 0x00000000c7180000, 0x00000000eb780000)
  object space 77312K, 81% used [0x00000000c2600000,0x00000000c636bdd0,0x00000000c7180000)
 Metaspace       used 12672K, capacity 12926K, committed 13184K, reserved 1060864K
  class space    used 1497K, capacity 1575K, committed 1664K, reserved 1048576K
}
Event: 195.179 GC heap before
{Heap before GC invocations=15 (full 1):
 PSYoungGen      total 39936K, used 39936K [0x00000000eb780000, 0x00000000f0300000, 0x0000000100000000)
  eden space 14848K, 100% used [0x00000000eb780000,0x00000000ec600000,0x00000000ec600000)
  from space 25088K, 100% used [0x00000000ec600000,0x00000000ede80000,0x00000000ede80000)
  to   space 29696K, 0% used [0x00000000ee600000,0x00000000ee600000,0x00000000f0300000)
 ParOldGen       total 77312K, used 62895K [0x00000000c2600000, 0x00000000c7180000, 0x00000000eb780000)
  object space 77312K, 81% used [0x00000000c2600000,0x00000000c636bdd0,0x00000000c7180000)
 Metaspace       used 12672K, capacity 12926K, committed 13184K, reserved 1060864K
  class space    used 1497K, capacity 1575K, committed 1664K, reserved 1048576K
Event: 195.273 GC heap after
Heap after GC invocations=15 (full 1):
 PSYoungGen      total 46080K, used 22784K [0x00000000eb780000, 0x00000000f0580000, 0x0000000100000000)
  eden space 16384K, 0% used [0x00000000eb780000,0x00000000eb780000,0x00000000ec780000)
  from space 29696K, 76% used [0x00000000ee600000,0x00000000efc40000,0x00000000f0300000)
  to   space 31232K, 0% used [0x00000000ec780000,0x00000000ec780000,0x00000000ee600000)
 ParOldGen       total 77312K, used 72263K [0x00000000c2600000, 0x00000000c7180000, 0x00000000eb780000)
  object space 77312K, 93% used [0x00000000c2600000,0x00000000c6c91dd0,0x00000000c7180000)
 Metaspace       used 12672K, capacity 12926K, committed 13184K, reserved 1060864K
  class space    used 1497K, capacity 1575K, committed 1664K, reserved 1048576K
}
Event: 195.273 GC heap before
{Heap before GC invocations=16 (full 2):
 PSYoungGen      total 46080K, used 22784K [0x00000000eb780000, 0x00000000f0580000, 0x0000000100000000)
  eden space 16384K, 0% used [0x00000000eb780000,0x00000000eb780000,0x00000000ec780000)
  from space 29696K, 76% used [0x00000000ee600000,0x00000000efc40000,0x00000000f0300000)
  to   space 31232K, 0% used [0x00000000ec780000,0x00000000ec780000,0x00000000ee600000)
 ParOldGen       total 77312K, used 72263K [0x00000000c2600000, 0x00000000c7180000, 0x00000000eb780000)
  object space 77312K, 93% used [0x00000000c2600000,0x00000000c6c91dd0,0x00000000c7180000)
 Metaspace       used 12672K, capacity 12926K, committed 13184K, reserved 1060864K
  class space    used 1497K, capacity 1575K, committed 1664K, reserved 1048576K
Event: 196.272 GC heap after
Heap after GC invocations=16 (full 2):
 PSYoungGen      total 46080K, used 16558K [0x00000000eb780000, 0x00000000f0580000, 0x0000000100000000)
  eden space 16384K, 0% used [0x00000000eb780000,0x00000000eb780000,0x00000000ec780000)
  from space 29696K, 55% used [0x00000000ee600000,0x00000000ef62bb48,0x00000000f0300000)
  to   space 31232K, 0% used [0x00000000ec780000,0x00000000ec780000,0x00000000ee600000)
 ParOldGen       total 133120K, used 77307K [0x00000000c2600000, 0x00000000ca800000, 0x00000000eb780000)
  object space 133120K, 58% used [0x00000000c2600000,0x00000000c717ee80,0x00000000ca800000)
 Metaspace       used 12672K, capacity 12926K, committed 13184K, reserved 1060864K
  class space    used 1497K, capacity 1575K, committed 1664K, reserved 1048576K
}
Event: 225.105 GC heap before
{Heap before GC invocations=17 (full 2):
 PSYoungGen      total 46080K, used 32942K [0x00000000eb780000, 0x00000000f0580000, 0x0000000100000000)
  eden space 16384K, 100% used [0x00000000eb780000,0x00000000ec780000,0x00000000ec780000)
  from space 29696K, 55% used [0x00000000ee600000,0x00000000ef62bb48,0x00000000f0300000)
  to   space 31232K, 0% used [0x00000000ec780000,0x00000000ec780000,0x00000000ee600000)
 ParOldGen       total 133120K, used 77307K [0x00000000c2600000, 0x00000000ca800000, 0x00000000eb780000)
  object space 133120K, 58% used [0x00000000c2600000,0x00000000c717ee80,0x00000000ca800000)
 Metaspace       used 12672K, capacity 12926K, committed 13184K, reserved 1060864K
  class space    used 1497K, capacity 1575K, committed 1664K, reserved 1048576K
Event: 225.663 GC heap after
Heap after GC invocations=17 (full 2):
 PSYoungGen      total 47616K, used 24448K [0x00000000eb780000, 0x00000000f0c00000, 0x0000000100000000)
  eden space 16384K, 0% used [0x00000000eb780000,0x00000000eb780000,0x00000000ec780000)
  from space 31232K, 78% used [0x00000000ec780000,0x00000000edf60010,0x00000000ee600000)
  to   space 32768K, 0% used [0x00000000eec00000,0x00000000eec00000,0x00000000f0c00000)
 ParOldGen       total 133120K, used 77307K [0x00000000c2600000, 0x00000000ca800000, 0x00000000eb780000)
  object space 133120K, 58% used [0x00000000c2600000,0x00000000c717ee80,0x00000000ca800000)
 Metaspace       used 12672K, capacity 12926K, committed 13184K, reserved 1060864K
  class space    used 1497K, capacity 1575K, committed 1664K, reserved 1048576K
}
Event: 256.171 GC heap before
{Heap before GC invocations=18 (full 2):
 PSYoungGen      total 47616K, used 40832K [0x00000000eb780000, 0x00000000f0c00000, 0x0000000100000000)
  eden space 16384K, 100% used [0x00000000eb780000,0x00000000ec780000,0x00000000ec780000)
  from space 31232K, 78% used [0x00000000ec780000,0x00000000edf60010,0x00000000ee600000)
  to   space 32768K, 0% used [0x00000000eec00000,0x00000000eec00000,0x00000000f0c00000)
 ParOldGen       total 133120K, used 77307K [0x00000000c2600000, 0x00000000ca800000, 0x00000000eb780000)
  object space 133120K, 58% used [0x00000000c2600000,0x00000000c717ee80,0x00000000ca800000)
 Metaspace       used 12672K, capacity 12926K, committed 13184K, reserved 1060864K
  class space    used 1497K, capacity 1575K, committed 1664K, reserved 1048576K
Event: 256.273 GC heap after
Heap after GC invocations=18 (full 2):
 PSYoungGen      total 49664K, used 32128K [0x00000000eb780000, 0x00000000f1380000, 0x0000000100000000)
  eden space 16896K, 0% used [0x00000000eb780000,0x00000000eb780000,0x00000000ec800000)
  from space 32768K, 98% used [0x00000000eec00000,0x00000000f0b60010,0x00000000f0c00000)
  to   space 36864K, 0% used [0x00000000ec800000,0x00000000ec800000,0x00000000eec00000)
 ParOldGen       total 133120K, used 77307K [0x00000000c2600000, 0x00000000ca800000, 0x00000000eb780000)
  object space 133120K, 58% used [0x00000000c2600000,0x00000000c717ee80,0x00000000ca800000)
 Metaspace       used 12672K, capacity 12926K, committed 13184K, reserved 1060864K
  class space    used 1497K, capacity 1575K, committed 1664K, reserved 1048576K
}

Deoptimization events (7 events):
Event: 1.329 Thread 0x000000001694c000 Uncommon trap: reason=unstable_if action=reinterpret pc=0x0000000002bf0eb0 method=java.lang.String.<init>([CII)V @ 18
Event: 1.373 Thread 0x00000000168a8800 Uncommon trap: reason=unstable_if action=reinterpret pc=0x0000000002c0325c method=java.util.HashMap.putVal(ILjava/lang/Object;Ljava/lang/Object;ZZ)Ljava/lang/Object; @ 206
Event: 2.489 Thread 0x0000000016904000 Uncommon trap: reason=null_check action=make_not_entrant pc=0x0000000002d7bc70 method=javax.swing.plaf.nimbus.NimbusDefaults$LazyStyle.matches(Ljava/awt/Component;I)Z @ 39
Event: 5.059 Thread 0x0000000016904000 Uncommon trap: reason=unstable_if action=reinterpret pc=0x0000000002de3938 method=java.lang.ref.SoftReference.get()Ljava/lang/Object; @ 17
Event: 7.319 Thread 0x0000000016904000 Uncommon trap: reason=null_check action=make_not_entrant pc=0x0000000002f7046c method=javax.swing.plaf.nimbus.NimbusStyle.isOpaque(Ljavax/swing/plaf/synth/SynthContext;)Z @ 9
Event: 196.273 Thread 0x0000000016904000 Uncommon trap: reason=null_check action=make_not_entrant pc=0x0000000003076f7c method=javax.swing.text.StyleContext$SmallAttributeSet.equals(Ljava/lang/Object;)Z @ 1
Event: 256.274 Thread 0x0000000016904000 Uncommon trap: reason=null_check action=make_not_entrant pc=0x000000000310a878 method=javax.swing.text.StyleContext$SmallAttributeSet.equals(Ljava/lang/Object;)Z @ 1

Internal exceptions (10 events):
Event: 0.973 Thread 0x0000000002900800 Exception <a 'java/lang/ClassNotFoundException': ToolBarSeparator> (0x00000000ebad5508) thrown at [C:\re\workspace\8-2-build-windows-amd64-cygwin\jdk8u121\8372\hotspot\src\share\vm\classfile\systemDictionary.cpp, line 210]
Event: 0.974 Thread 0x0000000002900800 Exception <a 'java/lang/ClassNotFoundException': ToolTip> (0x00000000ebad5c48) thrown at [C:\re\workspace\8-2-build-windows-amd64-cygwin\jdk8u121\8372\hotspot\src\share\vm\classfile\systemDictionary.cpp, line 210]
Event: 0.977 Thread 0x0000000002900800 Exception <a 'java/lang/ClassNotFoundException': Tree> (0x00000000ebad6868) thrown at [C:\re\workspace\8-2-build-windows-amd64-cygwin\jdk8u121\8372\hotspot\src\share\vm\classfile\systemDictionary.cpp, line 210]
Event: 0.977 Thread 0x0000000002900800 Exception <a 'java/lang/ClassNotFoundException': Tree> (0x00000000ebad6fa8) thrown at [C:\re\workspace\8-2-build-windows-amd64-cygwin\jdk8u121\8372\hotspot\src\share\vm\classfile\systemDictionary.cpp, line 210]
Event: 0.977 Thread 0x0000000002900800 Exception <a 'java/lang/ClassNotFoundException': javax/swing/JTreeCell> (0x00000000ebad7328) thrown at [C:\re\workspace\8-2-build-windows-amd64-cygwin\jdk8u121\8372\hotspot\src\share\vm\classfile\systemDictionary.cpp, line 210]
Event: 0.977 Thread 0x0000000002900800 Exception <a 'java/lang/ClassNotFoundException': TreeCell> (0x00000000ebad77b0) thrown at [C:\re\workspace\8-2-build-windows-amd64-cygwin\jdk8u121\8372\hotspot\src\share\vm\classfile\systemDictionary.cpp, line 210]
Event: 0.980 Thread 0x0000000002900800 Exception <a 'java/lang/ClassNotFoundException': RootPane> (0x00000000ebad8210) thrown at [C:\re\workspace\8-2-build-windows-amd64-cygwin\jdk8u121\8372\hotspot\src\share\vm\classfile\systemDictionary.cpp, line 210]
Event: 2.489 Thread 0x0000000016904000 Implicit null exception at 0x0000000002d7b2ff to 0x0000000002d7bc59
Event: 196.273 Thread 0x0000000016904000 Implicit null exception at 0x000000000307561a to 0x0000000003076f65
Event: 256.274 Thread 0x0000000016904000 Implicit null exception at 0x000000000310a1e3 to 0x000000000310a855

Events (10 events):
Event: 196.273 Thread 0x0000000016904000 Uncommon trap: trap_request=0xfffffff4 fr.pc=0x0000000003076f7c
Event: 196.273 Thread 0x0000000016904000 DEOPT PACKING pc=0x0000000003076f7c sp=0x00000000172087f0
Event: 196.273 Thread 0x0000000016904000 DEOPT UNPACKING pc=0x0000000002a4582a sp=0x0000000017208528 mode 2
Event: 225.104 Executing VM operation: ParallelGCFailedAllocation
Event: 225.663 Executing VM operation: ParallelGCFailedAllocation done
Event: 256.170 Executing VM operation: ParallelGCFailedAllocation
Event: 256.273 Executing VM operation: ParallelGCFailedAllocation done
Event: 256.274 Thread 0x0000000016904000 Uncommon trap: trap_request=0xfffffff4 fr.pc=0x000000000310a878
Event: 256.274 Thread 0x0000000016904000 DEOPT PACKING pc=0x000000000310a878 sp=0x00000000171f4f50
Event: 256.274 Thread 0x0000000016904000 DEOPT UNPACKING pc=0x0000000002a4582a sp=0x00000000171f4e38 mode 2


Dynamic libraries:
0x00007ff7c42c0000 - 0x00007ff7c42f7000 	C:\Program Files\Java\jdk1.8.0_121\bin\java.exe
0x00007ffb30c20000 - 0x00007ffb30df1000 	C:\Windows\SYSTEM32\ntdll.dll
0x00007ffb30b10000 - 0x00007ffb30bbc000 	C:\Windows\System32\KERNEL32.DLL
0x00007ffb2d7c0000 - 0x00007ffb2d9dd000 	C:\Windows\System32\KERNELBASE.dll
0x00007ffb2e350000 - 0x00007ffb2e3f2000 	C:\Windows\System32\ADVAPI32.dll
0x00007ffb30840000 - 0x00007ffb308de000 	C:\Windows\System32\msvcrt.dll
0x00007ffb30030000 - 0x00007ffb30089000 	C:\Windows\System32\sechost.dll
0x00007ffb308e0000 - 0x00007ffb30a01000 	C:\Windows\System32\RPCRT4.dll
0x00007ffb2fa90000 - 0x00007ffb2fbf5000 	C:\Windows\System32\USER32.dll
0x00007ffb2d3b0000 - 0x00007ffb2d3ce000 	C:\Windows\System32\win32u.dll
0x00007ffb30bc0000 - 0x00007ffb30bf4000 	C:\Windows\System32\GDI32.dll
0x00007ffb2d630000 - 0x00007ffb2d7b2000 	C:\Windows\System32\gdi32full.dll
0x00007ffb20a90000 - 0x00007ffb20d0a000 	C:\Windows\WinSxS\amd64_microsoft.windows.common-controls_6595b64144ccf1df_6.0.14393.953_none_42151e83c686086b\COMCTL32.dll
0x00007ffb30330000 - 0x00007ffb305f8000 	C:\Windows\System32\combase.dll
0x00007ffb2d530000 - 0x00007ffb2d625000 	C:\Windows\System32\ucrtbase.dll
0x00007ffb2d110000 - 0x00007ffb2d17a000 	C:\Windows\System32\bcryptPrimitives.dll
0x00007ffb2f9e0000 - 0x00007ffb2fa0e000 	C:\Windows\System32\IMM32.DLL
0x000000005b1e0000 - 0x000000005b2b2000 	C:\Program Files\Java\jdk1.8.0_121\jre\bin\msvcr100.dll
0x0000000059fc0000 - 0x000000005a85b000 	C:\Program Files\Java\jdk1.8.0_121\jre\bin\server\jvm.dll
0x00007ffb30090000 - 0x00007ffb30098000 	C:\Windows\System32\PSAPI.DLL
0x00007ffb25e60000 - 0x00007ffb25e69000 	C:\Windows\SYSTEM32\WSOCK32.dll
0x00007ffb2e460000 - 0x00007ffb2e4ca000 	C:\Windows\System32\WS2_32.dll
0x00007ffb2b500000 - 0x00007ffb2b523000 	C:\Windows\SYSTEM32\WINMM.dll
0x00007ffb1ed90000 - 0x00007ffb1ed9a000 	C:\Windows\SYSTEM32\VERSION.dll
0x00007ffb2b4a0000 - 0x00007ffb2b4cb000 	C:\Windows\SYSTEM32\WINMMBASE.dll
0x00007ffb2d9e0000 - 0x00007ffb2da22000 	C:\Windows\System32\cfgmgr32.dll
0x000000005c1c0000 - 0x000000005c1cf000 	C:\Program Files\Java\jdk1.8.0_121\jre\bin\verify.dll
0x000000005c190000 - 0x000000005c1b9000 	C:\Program Files\Java\jdk1.8.0_121\jre\bin\java.dll
0x000000005c170000 - 0x000000005c186000 	C:\Program Files\Java\jdk1.8.0_121\jre\bin\zip.dll
0x00007ffb2e4d0000 - 0x00007ffb2f9d8000 	C:\Windows\System32\SHELL32.dll
0x00007ffb2dad0000 - 0x00007ffb2e1aa000 	C:\Windows\System32\windows.storage.dll
0x00007ffb2d090000 - 0x00007ffb2d0dc000 	C:\Windows\System32\powrprof.dll
0x00007ffb2e1b0000 - 0x00007ffb2e202000 	C:\Windows\System32\shlwapi.dll
0x00007ffb2d100000 - 0x00007ffb2d10f000 	C:\Windows\System32\kernel.appcore.dll
0x00007ffb2d480000 - 0x00007ffb2d529000 	C:\Windows\System32\shcore.dll
0x00007ffb2d0e0000 - 0x00007ffb2d0f4000 	C:\Windows\System32\profapi.dll
0x000000005b000000 - 0x000000005b198000 	C:\Program Files\Java\jdk1.8.0_121\jre\bin\awt.dll
0x00007ffb30200000 - 0x00007ffb302bf000 	C:\Windows\System32\OLEAUT32.dll
0x00007ffb2da30000 - 0x00007ffb2dacc000 	C:\Windows\System32\msvcp_win.dll
0x00007ffb2b620000 - 0x00007ffb2b69a000 	C:\Windows\SYSTEM32\apphelp.dll
0x00007ffb2b800000 - 0x00007ffb2b895000 	C:\Windows\system32\uxtheme.dll
0x00007ffb300a0000 - 0x00007ffb301fa000 	C:\Windows\System32\MSCTF.dll
0x00007ffb2b040000 - 0x00007ffb2b066000 	C:\Windows\system32\dwmapi.dll
0x00007ffb2e210000 - 0x00007ffb2e348000 	C:\Windows\System32\ole32.dll
0x000000005af30000 - 0x000000005af77000 	C:\Program Files\Java\jdk1.8.0_121\jre\bin\fontmanager.dll
0x00007ffb0d710000 - 0x00007ffb0d833000 	C:\Windows\system32\opengl32.dll
0x00007ffb113d0000 - 0x00007ffb113fd000 	C:\Windows\SYSTEM32\GLU32.dll
0x00007ffb0c850000 - 0x00007ffb0c947000 	C:\Windows\SYSTEM32\DDRAW.dll
0x00007ffb1f1b0000 - 0x00007ffb1f1b8000 	C:\Windows\SYSTEM32\DCIMAN32.dll
0x000000005ae60000 - 0x000000005ae91000 	C:\Program Files\Java\jdk1.8.0_121\jre\bin\jpeg.dll
0x00007ffb307a0000 - 0x00007ffb3083f000 	C:\Windows\System32\clbcatq.dll
0x00007ffb2a900000 - 0x00007ffb2aaa8000 	C:\Windows\SYSTEM32\WindowsCodecs.dll
0x00007ffb23750000 - 0x00007ffb23799000 	C:\Windows\system32\dataexchange.dll
0x00007ffb2aab0000 - 0x00007ffb2ac01000 	C:\Windows\system32\dcomp.dll
0x00007ffb29d80000 - 0x00007ffb2a036000 	C:\Windows\system32\d3d11.dll
0x00007ffb2c000000 - 0x00007ffb2c09f000 	C:\Windows\system32\dxgi.dll
0x00007ffb2bad0000 - 0x00007ffb2bbec000 	C:\Windows\system32\twinapi.appcore.dll
0x00007ffb2cfc0000 - 0x00007ffb2cfeb000 	C:\Windows\system32\bcrypt.dll
0x000000005b1c0000 - 0x000000005b1da000 	C:\Program Files\Java\jdk1.8.0_121\jre\bin\net.dll
0x00007ffb2c950000 - 0x00007ffb2c9ac000 	C:\Windows\system32\mswsock.dll
0x000000005b1a0000 - 0x000000005b1b1000 	C:\Program Files\Java\jdk1.8.0_121\jre\bin\nio.dll
0x000000005aee0000 - 0x000000005af22000 	C:\Program Files\Java\jdk1.8.0_121\jre\bin\t2k.dll

VM Arguments:
jvm_args: -Dfile.encoding=UTF-8 
java_command: view.TelaLogin
java_class_path (initial): C:\Program Files\NetBeans 8.2\java\modules\ext\AbsoluteLayout.jar;C:\Users\raquel\Documents\NetBeansProjects\AppMath'\build\classes
Launcher Type: SUN_STANDARD

Environment Variables:
PATH=C:\ProgramData\Oracle\Java\javapath;C:\Program Files (x86)\Intel\TXE Components\TCS\;C:\Program Files\Intel\TXE Components\TCS\;C:\Windows\system32;C:\Windows;C:\Windows\System32\Wbem;C:\Windows\System32\WindowsPowerShell\v1.0\;C:\Program Files\Intel\TXE Components\DAL\;C:\Program Files (x86)\Intel\TXE Components\DAL\;C:\Program Files\Intel\TXE Components\IPT\;C:\Program Files (x86)\Intel\TXE Components\IPT\;C:\Users\raquel\AppData\Local\Microsoft\WindowsApps;
USERNAME=raquel
OS=Windows_NT
PROCESSOR_IDENTIFIER=Intel64 Family 6 Model 76 Stepping 4, GenuineIntel



---------------  S Y S T E M  ---------------

OS: Windows 10.0 , 64 bit Build 14393 (10.0.14393.1198)

CPU:total 2 (2 cores per cpu, 1 threads per core) family 6 model 76 stepping 4, cmov, cx8, fxsr, mmx, sse, sse2, sse3, ssse3, sse4.1, sse4.2, popcnt, aes, clmul, erms, 3dnowpref, tsc, tscinvbit

Memory: 4k page, physical 4033552k(907936k free), swap 4796948k(5188k free)

vm_info: Java HotSpot(TM) 64-Bit Server VM (25.121-b13) for windows-amd64 JRE (1.8.0_121-b13), built on Dec 12 2016 18:21:36 by "java_re" with MS VC++ 10.0 (VS2010)

time: Thu Nov 02 17:24:39 2017
elapsed time: 290 seconds (0d 0h 4m 50s)

