JvmtiExport can_access_local_variables 0
JvmtiExport can_hotswap_or_post_breakpoint 0
JvmtiExport can_post_on_exceptions 0
# 335 ciObject found
ciMethod java/lang/Object <init> ()V 4097 1 906847 0 0
ciMethod java/lang/Object equals (Ljava/lang/Object;)Z 2049 1 16121 0 -1
ciMethod java/lang/ref/Reference get ()Ljava/lang/Object; 1025 1 128 0 -1
ciMethod java/util/Map get (Ljava/lang/Object;)Ljava/lang/Object; 0 0 1 0 -1
ciMethod java/util/Map put (Ljava/lang/Object;Ljava/lang/Object;)Ljava/lang/Object; 0 0 1 0 -1
ciMethod java/security/AccessController doPrivileged (Ljava/security/PrivilegedAction;)Ljava/lang/Object; 2049 1 256 0 -1
ciMethod java/util/List size ()I 0 0 1 0 -1
ciMethod java/util/AbstractList <init> ()V 2049 1 25109 0 0
ciMethod java/util/AbstractCollection <init> ()V 2049 1 26872 0 0
ciMethod java/util/ArrayList <init> ()V 1953 1 13007 0 0
ciMethod java/util/ArrayList <init> (Ljava/util/Collection;)V 73 1 9 0 -1
ciMethod java/util/ArrayList size ()I 1105 1 138 0 0
ciMethod java/util/WeakHashMap maskNull (Ljava/lang/Object;)Ljava/lang/Object; 2049 1 12007 0 -1
ciMethod java/util/WeakHashMap eq (Ljava/lang/Object;Ljava/lang/Object;)Z 1257 1 8304 0 -1
ciMethod java/util/WeakHashMap hash (Ljava/lang/Object;)I 2049 1 12007 0 -1
ciMethod java/util/WeakHashMap indexFor (II)I 2049 1 12649 0 -1
ciMethod java/util/WeakHashMap getTable ()[Ljava/util/WeakHashMap$Entry; 2049 1 12022 0 -1
ciMethod java/util/WeakHashMap put (Ljava/lang/Object;Ljava/lang/Object;)Ljava/lang/Object; 313 129 5159 0 3264
ciMethod java/util/WeakHashMap resize (I)V 81 1 15 0 -1
ciMethod java/lang/ThreadLocal get ()Ljava/lang/Object; 225 1 1899 0 -1
ciMethod java/util/concurrent/atomic/AtomicInteger get ()I 1169 1 146 0 0
ciMethod java/lang/Enum ordinal ()I 1025 1 128 0 0
ciMethodData java/lang/Object <init> ()V 2 906847 orig 264 72 50 90 90 0 0 0 0 128 4 60 20 0 0 0 0 32 1 0 0 0 0 0 0 0 0 0 0 0 0 0 0 0 0 0 0 0 0 0 0 0 0 0 0 0 0 0 0 0 0 0 0 0 0 0 0 0 0 0 0 0 0 0 0 0 0 0 0 0 0 0 0 0 0 0 0 0 0 0 0 77 68 79 32 101 120 116 114 97 32 100 97 116 97 32 108 111 99 107 0 0 0 0 0 0 0 0 0 0 0 0 0 0 0 0 0 0 0 0 0 0 0 0 0 0 0 0 0 0 0 0 0 0 0 0 0 0 0 0 0 0 0 0 0 0 0 0 0 0 0 0 0 0 0 0 0 0 0 0 0 0 0 0 0 0 0 0 0 0 0 0 0 0 0 0 0 0 0 0 0 0 0 0 0 1 0 0 0 0 0 0 0 1 0 0 0 0 0 0 0 1 0 0 0 0 0 0 0 0 0 0 0 0 0 0 0 0 2 0 0 249 162 110 0 1 0 0 0 0 0 0 0 0 0 0 0 2 0 0 0 0 0 3 0 1 0 0 0 0 0 0 0 255 255 255 255 0 0 0 0 0 0 0 0 data 0 oops 0
ciMethod java/util/WeakHashMap$Entry <init> (Ljava/lang/Object;Ljava/lang/Object;Ljava/lang/ref/ReferenceQueue;ILjava/util/WeakHashMap$Entry;)V 2049 1 5159 0 -1
ciMethod java/awt/Frame getTitle ()Ljava/lang/String; 1025 1 128 0 0
ciMethod java/awt/Frame isResizable ()Z 1025 1 128 0 0
ciMethod java/awt/Frame getExtendedState ()I 65 1 7423 0 0
ciMethod java/awt/Window getIconImages ()Ljava/util/List; 2049 1 6400 0 0
ciMethod java/awt/Window getToolkit ()Ljava/awt/Toolkit; 4097 1 12799 0 -1
ciMethod java/awt/Window getOpacity ()F 2041 1 7423 0 0
ciMethod java/awt/Window getShape ()Ljava/awt/Shape; 2041 1 5375 0 544
ciMethod java/awt/Window setShape (Ljava/awt/Shape;)V 0 0 1 0 -1
ciMethod java/awt/Window getBackground ()Ljava/awt/Color; 2049 1 24490 0 64
ciMethod java/awt/Window isOpaque ()Z 2041 1 7423 0 0
ciMethod java/awt/Container invalidateTree ()V 2049 921 5408 0 -1
ciMethod java/awt/Container setFont (Ljava/awt/Font;)V 2049 1 5405 0 2272
ciMethod java/awt/Component getObjectLock ()Ljava/lang/Object; 1121 1 140 0 0
ciMethod java/awt/Component getGraphicsConfiguration ()Ljava/awt/GraphicsConfiguration; 1409 1 5478 0 -1
ciMethod java/awt/Component getTreeLock ()Ljava/lang/Object; 3201 1 266999 0 0
ciMethod java/awt/Component isVisible ()Z 2097 1 10507 0 -1
ciMethod java/awt/Component getForeground ()Ljava/awt/Color; 3073 1 37011 0 64
ciMethod java/awt/Component setForeground (Ljava/awt/Color;)V 2161 1 6414 0 160
ciMethod java/awt/Component getBackground ()Ljava/awt/Color; 3073 1 35004 0 64
ciMethod java/awt/Component setBackground (Ljava/awt/Color;)V 2049 1 6400 0 -1
ciMethod java/awt/Component getFont ()Ljava/awt/Font; 2049 1 107867 0 96
ciMethod java/awt/Component getFont_NoClientCode ()Ljava/awt/Font; 2049 1 69248 0 96
ciMethod java/awt/Component setFont (Ljava/awt/Font;)V 2049 1 5405 0 -1
ciMethod java/awt/Component firePropertyChange (Ljava/lang/String;Ljava/lang/Object;Ljava/lang/Object;)V 3129 1 5781 0 4832
ciMethod sun/util/logging/PlatformLogger isLoggable (Lsun/util/logging/PlatformLogger$Level;)Z 2049 1 5387 0 288
ciMethod sun/util/logging/PlatformLogger fine (Ljava/lang/String;)V 0 0 1 0 -1
ciMethod sun/util/logging/PlatformLogger$Level intValue ()I 2065 1 10774 0 0
ciMethod sun/util/logging/PlatformLogger$DefaultLoggerProxy isLoggable (Lsun/util/logging/PlatformLogger$Level;)Z 2049 1 5387 0 0
ciMethod sun/util/logging/PlatformLogger$LoggerProxy isLoggable (Lsun/util/logging/PlatformLogger$Level;)Z 0 0 1 0 -1
ciMethod sun/util/logging/PlatformLogger$JavaLoggerProxy isLoggable (Lsun/util/logging/PlatformLogger$Level;)Z 0 0 1 0 -1
ciMethod java/util/LinkedList <init> ()V 1465 1 183 0 -1
ciMethodData java/util/AbstractCollection <init> ()V 2 26872 orig 264 72 50 90 90 0 0 0 0 48 97 72 20 0 0 0 0 48 1 0 0 0 0 0 0 0 0 0 0 0 0 0 0 0 0 0 0 0 0 0 0 0 0 0 0 0 0 0 0 0 0 0 0 0 0 0 0 0 0 0 0 0 0 0 0 0 0 0 0 0 0 0 0 0 0 0 0 0 0 0 0 77 68 79 32 101 120 116 114 97 32 100 97 116 97 32 108 111 99 107 0 0 0 0 0 0 0 0 0 0 0 0 0 0 0 0 0 0 0 0 0 0 0 0 0 0 0 0 0 0 0 0 0 0 0 0 0 0 0 0 0 0 0 0 0 0 0 0 0 0 0 0 0 0 0 0 0 0 0 0 0 0 0 0 0 0 0 0 0 0 0 0 0 0 0 0 0 0 0 0 0 0 0 0 0 1 0 0 0 0 0 0 0 0 0 0 0 0 0 0 0 1 0 0 0 0 0 0 0 0 0 0 0 0 0 0 0 0 1 0 0 193 63 3 0 1 0 0 0 0 0 0 0 0 0 0 0 2 0 0 0 0 0 3 0 2 0 0 0 16 0 0 0 255 255 255 255 2 0 1 0 0 0 0 0 data 2 0x10002 0x67f8 oops 0
ciMethod java/awt/Insets <init> (IIII)V 2049 1 25171 0 0
ciMethod java/awt/peer/ComponentPeer setForeground (Ljava/awt/Color;)V 0 0 1 0 -1
ciMethod sun/awt/windows/WComponentPeer getGraphicsConfiguration ()Ljava/awt/GraphicsConfiguration; 2049 1 41951 0 0
ciMethod sun/awt/windows/WComponentPeer setForeground (Ljava/awt/Color;)V 2049 1 7423 0 0
ciMethod sun/awt/windows/WComponentPeer setBackground (Ljava/awt/Color;)V 3073 1 5504 0 -1
ciMethod sun/awt/windows/WComponentPeer _setForeground (I)V 2049 1 256 0 -1
ciMethod sun/awt/windows/WComponentPeer setFont (Ljava/awt/Font;)V 2041 1 7423 0 0
ciMethod sun/awt/windows/WComponentPeer _setFont (Ljava/awt/Font;)V 2049 1 256 0 -1
ciMethod sun/awt/windows/WComponentPeer initialize ()V 3073 1 6527 0 -1
ciMethod sun/awt/windows/WComponentPeer applyShape (Lsun/java2d/pipe/Region;)V 0 0 1 0 -1
ciMethod sun/awt/windows/WComponentPeer getTarget ()Ljava/lang/Object; 0 0 1 0 -1
ciMethod sun/awt/windows/WObjectPeer getStateLock ()Ljava/lang/Object; 1025 1 128 0 0
ciMethod java/awt/Font equals (Ljava/lang/Object;)Z 2049 1 5381 0 -1
ciMethod sun/awt/SunToolkit getSunAwtNoerasebackground ()Z 3073 1 6527 0 -1
ciMethod sun/awt/SunToolkit getSunAwtErasebackgroundonresize ()Z 3073 1 6527 0 -1
ciMethod sun/awt/SunToolkit getScaledIconData (Ljava/util/List;II)Ljava/awt/image/DataBufferInt; 0 0 1 0 -1
ciMethod sun/awt/SunToolkit isWindowTranslucencySupported ()Z 0 0 1 0 -1
ciMethod sun/awt/SunToolkit isTranslucencyCapable (Ljava/awt/GraphicsConfiguration;)Z 0 0 1 0 -1
ciMethod java/util/Collections$SynchronizedMap put (Ljava/lang/Object;Ljava/lang/Object;)Ljava/lang/Object; 2049 1 5376 0 832
ciMethod sun/java2d/pipe/Region getInstance (Ljava/awt/Shape;Ljava/awt/geom/AffineTransform;)Lsun/java2d/pipe/Region; 2049 1 5503 0 -1
ciMethod java/beans/PropertyChangeSupport firePropertyChange (Ljava/lang/String;Ljava/lang/Object;Ljava/lang/Object;)V 905 1 5234 0 -1
ciMethod java/awt/Color getAlpha ()I 2049 1 19539 0 0
ciMethod java/awt/Color getRGB ()I 1057 1 132 0 0
ciMethod sun/awt/AppContext getAppContext ()Lsun/awt/AppContext; 2057 1 5377 0 128
ciMethod sun/awt/AppContext get (Ljava/lang/Object;)Ljava/lang/Object; 2225 1 5489 0 2304
ciMethod sun/awt/AppContext put (Ljava/lang/Object;Ljava/lang/Object;)Ljava/lang/Object; 209 1 67 0 -1
ciMethod sun/awt/AppContext addPropertyChangeListener (Ljava/lang/String;Ljava/beans/PropertyChangeListener;)V 9 1 1 0 -1
ciMethod sun/awt/AppContext$3 <init> ()V 17 1 2 0 -1
ciMethod sun/awt/MostRecentKeyValue <init> (Ljava/lang/Object;Ljava/lang/Object;)V 17 1 2 0 -1
ciMethod sun/awt/MostRecentKeyValue setPair (Ljava/lang/Object;Ljava/lang/Object;)V 217 1 1513 0 -1
ciMethodData sun/util/logging/PlatformLogger$Level intValue ()I 2 10774 orig 264 72 50 90 90 0 0 0 0 48 240 104 20 0 0 0 0 120 1 0 0 0 0 0 0 0 0 0 0 0 0 0 0 0 0 0 0 0 0 0 0 0 0 0 0 0 0 0 0 0 0 0 0 0 0 0 0 0 0 0 0 0 0 0 0 0 0 0 0 0 0 0 0 0 0 0 0 0 0 0 0 77 68 79 32 101 120 116 114 97 32 100 97 116 97 32 108 111 99 107 0 0 0 0 0 0 0 0 0 0 0 0 0 0 0 0 0 0 0 0 0 0 0 0 0 0 0 0 0 0 0 0 0 0 0 0 0 0 0 0 0 0 0 0 0 0 0 0 0 0 0 0 0 0 0 0 0 0 0 0 0 0 0 0 0 0 0 0 0 0 0 0 0 0 0 0 0 0 0 0 0 0 0 0 0 0 0 0 0 0 0 0 0 0 0 0 0 0 0 0 0 0 0 0 0 0 0 0 0 0 0 0 0 0 0 0 0 2 1 0 0 161 72 1 0 1 0 0 0 0 0 0 0 0 0 0 0 2 0 0 0 0 0 3 0 2 0 0 0 48 0 0 0 255 255 255 255 5 0 4 0 0 0 0 0 data 6 0x40005 0x0 0x17af47f0 0x2914 0x0 0x0 oops 1 2 sun/util/logging/PlatformLogger$Level
ciMethodData sun/awt/AppContext getAppContext ()Lsun/awt/AppContext; 2 5377 orig 264 72 50 90 90 0 0 0 0 152 21 138 20 0 0 0 0 128 2 0 0 80 0 0 0 0 0 0 0 0 0 0 0 0 0 0 0 0 0 0 0 0 0 0 0 0 0 0 0 0 0 0 0 0 0 0 0 0 0 0 0 0 0 0 0 0 0 0 0 0 0 0 0 0 0 0 0 0 0 0 0 77 68 79 32 101 120 116 114 97 32 100 97 116 97 32 108 111 99 107 0 0 0 0 0 0 0 0 0 0 0 0 0 0 0 0 0 0 0 0 0 0 0 0 0 0 0 0 0 0 0 0 0 0 0 0 0 0 0 0 0 0 0 0 0 0 0 0 0 0 0 0 0 0 0 0 0 0 0 0 0 0 0 0 0 0 0 0 0 0 0 0 0 0 0 0 0 0 0 0 0 0 0 0 0 25 0 0 0 0 0 0 0 0 0 0 0 0 0 0 0 0 0 0 0 0 0 0 0 0 0 0 0 0 0 0 0 1 1 0 0 1 160 0 0 1 0 0 0 0 0 0 0 0 0 0 0 2 0 0 0 0 0 11 0 2 0 0 0 64 1 0 0 255 255 255 255 5 0 3 0 0 0 0 0 data 40 0x30005 0x2 0x17811800 0x13fe 0x0 0x0 0x70007 0x0 0x40 0x1400 0xd0007 0x0 0x20 0x1400 0x170005 0x0 0x0 0x0 0x0 0x0 0x1a0004 0x0 0x0 0x0 0x0 0x0 0x200007 0x0 0x70 0x0 0x270002 0x0 0x2a0002 0x0 0x2d0004 0x0 0x0 0x0 0x0 0x0 oops 1 2 java/util/concurrent/atomic/AtomicInteger
ciMethod sun/awt/Win32GraphicsEnvironment isVistaOS ()Z 0 0 1 0 -1
ciMethod sun/awt/SunDisplayChanger add (Lsun/awt/DisplayChangedListener;)V 2049 1 5376 0 1408
ciMethod sun/awt/PaintEventDispatcher getPaintEventDispatcher ()Lsun/awt/PaintEventDispatcher; 3073 1 13055 0 -1
ciMethod sun/awt/PaintEventDispatcher shouldDoNativeBackgroundErase (Ljava/awt/Component;)Z 0 0 1 0 -1
ciMethod java/awt/KeyboardFocusManager getCurrentKeyboardFocusManager ()Ljava/awt/KeyboardFocusManager; 2097 1 55026 0 -1
ciMethod java/awt/KeyboardFocusManager addPropertyChangeListener (Ljava/lang/String;Ljava/beans/PropertyChangeListener;)V 9 1 1 0 -1
ciMethodData java/util/AbstractList <init> ()V 2 25109 orig 264 72 50 90 90 0 0 0 0 200 77 72 20 0 0 0 0 48 1 0 0 0 0 0 0 0 0 0 0 0 0 0 0 0 0 0 0 0 0 0 0 0 0 0 0 0 0 0 0 0 0 0 0 0 0 0 0 0 0 0 0 0 0 0 0 0 0 0 0 0 0 0 0 0 0 0 0 0 0 0 0 77 68 79 32 101 120 116 114 97 32 100 97 116 97 32 108 111 99 107 0 0 0 0 0 0 0 0 0 0 0 0 0 0 0 0 0 0 0 0 0 0 0 0 0 0 0 0 0 0 0 0 0 0 0 0 0 0 0 0 0 0 0 0 0 0 0 0 0 0 0 0 0 0 0 0 0 0 0 0 0 0 0 0 0 0 0 0 0 0 0 0 0 0 0 0 0 0 0 0 0 0 0 0 0 1 0 0 0 0 0 0 0 0 0 0 0 0 0 0 0 1 0 0 0 0 0 0 0 0 0 0 0 0 0 0 0 0 1 0 0 169 8 3 0 1 0 0 0 0 0 0 0 0 0 0 0 2 0 0 0 0 0 3 0 2 0 0 0 16 0 0 0 255 255 255 255 2 0 1 0 0 0 0 0 data 2 0x10002 0x6115 oops 0
ciMethodData java/beans/PropertyChangeSupport firePropertyChange (Ljava/lang/String;Ljava/lang/Object;Ljava/lang/Object;)V 2 5234 orig 264 72 50 90 90 0 0 0 0 240 163 134 20 0 0 0 0 48 2 0 0 112 0 0 0 0 0 0 0 0 0 0 0 0 0 0 0 0 0 0 0 0 0 0 0 0 0 0 0 0 0 0 0 0 0 0 0 0 0 0 0 0 0 0 0 0 0 0 0 0 0 0 0 0 0 0 0 0 0 0 0 77 68 79 32 101 120 116 114 97 32 100 97 116 97 32 108 111 99 107 0 0 0 0 0 0 0 0 0 0 0 0 0 0 0 0 0 0 0 0 0 0 0 0 0 0 0 0 0 0 0 0 0 0 0 0 0 0 0 0 0 0 0 0 0 0 0 0 0 0 0 0 0 0 0 0 0 0 0 0 0 0 0 0 0 0 0 0 0 0 0 0 0 0 0 0 0 0 0 0 0 0 0 0 0 25 0 0 0 0 0 0 0 0 0 0 0 0 0 0 0 0 0 0 0 0 0 0 0 0 0 0 0 0 0 0 0 113 0 0 0 9 160 0 0 1 0 0 0 0 0 0 0 0 0 0 0 2 0 0 0 0 0 15 0 2 0 0 0 208 0 0 0 255 255 255 255 7 0 1 0 0 0 0 0 data 26 0x10007 0x500 0x90 0xf01 0x50007 0x0 0x70 0xf01 0xa0005 0x2d2 0x18cfa770 0x1 0x14d0a810 0xc2e 0xd0007 0x0 0x60 0xf01 0x1c0002 0x1401 0x1f0005 0x0 0x18cfa820 0x2 0x165dd120 0x13ff oops 4 10 javax/swing/plaf/metal/MetalLookAndFeel 12 java/lang/Boolean 22 javax/swing/event/SwingPropertyChangeSupport 24 java/beans/PropertyChangeSupport
ciMethodData java/awt/Insets <init> (IIII)V 2 25171 orig 264 72 50 90 90 0 0 0 0 48 45 121 20 0 0 0 0 80 1 0 0 0 0 0 0 0 0 0 0 0 0 0 0 0 0 0 0 0 0 0 0 0 0 0 0 0 0 0 0 0 0 0 0 0 0 0 0 0 0 0 0 0 0 0 0 0 0 0 0 0 0 0 0 0 0 0 0 0 0 0 0 77 68 79 32 101 120 116 114 97 32 100 97 116 97 32 108 111 99 107 0 0 0 0 0 0 0 0 0 0 0 0 0 0 0 0 0 0 0 0 0 0 0 0 0 0 0 0 0 0 0 0 0 0 0 0 0 0 0 0 0 0 0 0 0 0 0 0 0 0 0 0 0 0 0 0 0 0 0 0 0 0 0 0 0 0 0 0 0 0 0 0 0 0 0 0 0 0 0 0 0 0 0 0 0 0 0 0 0 0 0 0 0 0 0 0 0 0 0 0 0 0 0 0 0 0 0 0 0 0 0 0 0 0 0 0 0 0 1 0 0 153 10 3 0 1 0 0 0 0 0 0 0 0 0 0 0 2 0 0 0 0 0 3 0 2 0 0 0 16 0 0 0 255 255 255 255 2 0 1 0 0 0 0 0 data 2 0x10002 0x6153 oops 0
ciMethodData sun/awt/AppContext get (Ljava/lang/Object;)Ljava/lang/Object; 2 5489 orig 264 72 50 90 90 0 0 0 0 72 28 138 20 0 0 0 0 72 2 0 0 176 0 0 0 0 0 0 0 0 0 0 0 0 0 0 0 0 0 0 0 0 0 0 0 0 0 0 0 0 0 0 0 0 0 0 0 0 0 0 0 0 0 0 0 0 0 0 0 0 0 0 0 0 0 0 0 0 0 0 0 77 68 79 32 101 120 116 114 97 32 100 97 116 97 32 108 111 99 107 0 0 0 0 0 0 0 0 0 0 0 0 0 0 0 0 0 0 0 0 0 0 0 0 0 0 0 0 0 0 0 0 0 0 0 0 0 0 0 0 0 0 0 0 0 0 0 0 0 0 0 0 0 0 0 0 0 0 0 0 0 0 0 0 0 0 0 0 0 0 0 0 0 0 0 0 0 0 0 0 0 0 0 0 0 25 0 0 0 0 0 0 0 0 0 0 0 0 0 0 0 0 0 0 0 0 0 0 0 0 0 0 0 0 0 0 0 22 1 0 0 217 162 0 0 1 0 0 0 0 0 0 0 0 0 0 0 2 0 0 0 0 0 16 0 2 0 0 0 248 0 0 0 255 255 255 255 7 0 13 0 0 0 0 0 data 31 0xd0007 0x0 0x40 0x145b 0x150007 0x5ce 0x20 0xe8d 0x240005 0x0 0x16766e00 0x5ce 0x0 0x0 0x2f0007 0x5ce 0x58 0x0 0x3a0002 0x0 0x480002 0x0 0x4e0003 0x0 0x48 0x5e0005 0x0 0x175abd80 0x5ce 0x0 0x0 oops 2 10 java/util/HashMap 27 sun/awt/MostRecentKeyValue
ciMethod sun/awt/Win32GraphicsDevice addDisplayChangedListener (Lsun/awt/DisplayChangedListener;)V 2041 1 7424 0 0
ciMethod sun/awt/Win32GraphicsConfig getDevice ()Ljava/awt/GraphicsDevice; 1049 1 131 0 0
ciMethod java/awt/GraphicsConfiguration getDevice ()Ljava/awt/GraphicsDevice; 0 0 1 0 -1
ciMethodData sun/util/logging/PlatformLogger isLoggable (Lsun/util/logging/PlatformLogger$Level;)Z 2 5387 orig 264 72 50 90 90 0 0 0 0 208 210 104 20 0 0 0 0 24 2 0 0 128 0 0 0 0 0 0 0 0 0 0 0 0 0 0 0 0 0 0 0 0 0 0 0 0 0 0 0 0 0 0 0 0 0 0 0 0 0 0 0 0 0 0 0 0 0 0 0 0 0 0 0 0 0 0 0 0 0 0 0 77 68 79 32 101 120 116 114 97 32 100 97 116 97 32 108 111 99 107 0 0 0 0 0 0 0 0 0 0 0 0 0 0 0 0 0 0 0 0 0 0 0 0 0 0 0 0 0 0 0 0 0 0 0 0 0 0 0 0 0 0 0 0 0 0 0 0 0 0 0 0 0 0 0 0 0 0 0 0 0 0 0 0 0 0 0 0 0 0 0 0 0 0 0 0 0 0 0 0 0 0 0 0 0 0 0 0 0 0 0 0 0 0 0 0 0 0 0 0 0 0 0 0 0 0 0 0 0 0 0 0 0 0 0 0 0 0 1 0 0 89 160 0 0 1 0 0 0 0 0 0 0 0 0 0 0 2 0 0 0 0 0 8 0 2 0 0 0 200 0 0 0 255 255 255 255 7 0 1 0 0 0 0 0 data 25 0x10007 0x140b 0x30 0x0 0x80002 0x0 0x120007 0x140b 0x68 0x0 0x170005 0x0 0x0 0x0 0x0 0x0 0x1a0003 0x0 0x48 0x220005 0x0 0x14d64a10 0x140b 0x0 0x0 oops 1 21 sun/util/logging/PlatformLogger$DefaultLoggerProxy
ciMethodData sun/util/logging/PlatformLogger$DefaultLoggerProxy isLoggable (Lsun/util/logging/PlatformLogger$Level;)Z 2 5387 orig 264 72 50 90 90 0 0 0 0 88 9 105 20 0 0 0 0 8 2 0 0 0 0 0 0 0 0 0 0 0 0 0 0 0 0 0 0 0 0 0 0 0 0 0 0 0 0 0 0 0 0 0 0 0 0 0 0 0 0 0 0 0 0 0 0 0 0 0 0 0 0 0 0 0 0 0 0 0 0 0 0 77 68 79 32 101 120 116 114 97 32 100 97 116 97 32 108 111 99 107 0 0 0 0 0 0 0 0 0 0 0 0 0 0 0 0 0 0 0 0 0 0 0 0 0 0 0 0 0 0 0 0 0 0 0 0 0 0 0 0 0 0 0 0 0 0 0 0 0 0 0 0 0 0 0 0 0 0 0 0 0 0 0 0 0 0 0 0 0 0 0 0 0 0 0 0 0 0 0 0 0 0 0 0 0 0 0 0 0 0 0 0 0 0 0 0 0 0 0 0 0 0 0 0 0 0 0 0 0 0 0 0 0 0 0 0 0 0 1 0 0 89 160 0 0 1 0 0 0 0 0 0 0 0 0 0 0 2 0 0 0 0 0 9 0 2 0 0 0 184 0 0 0 255 255 255 255 5 0 6 0 0 0 0 0 data 23 0x60005 0x0 0x17af47f0 0x140b 0x0 0x0 0xa0005 0x0 0x17af47f0 0x140b 0x0 0x0 0xd0007 0x140b 0x58 0x0 0x140007 0x0 0x38 0x0 0x180003 0x0 0x18 oops 2 2 sun/util/logging/PlatformLogger$Level 8 sun/util/logging/PlatformLogger$Level
ciMethod java/awt/image/DataBufferInt getData ()[I 0 0 1 0 -1
ciMethod sun/awt/windows/WFramePeer setState (I)V 2049 1 256 0 -1
ciMethod sun/awt/windows/WFramePeer initialize ()V 2049 1 7424 0 -1
ciMethod sun/awt/windows/WWindowPeer setTitle (Ljava/lang/String;)V 2041 1 7423 0 0
ciMethod sun/awt/windows/WWindowPeer _setTitle (Ljava/lang/String;)V 2049 1 256 0 -1
ciMethod sun/awt/windows/WWindowPeer setResizable (Z)V 2041 1 7423 0 0
ciMethod sun/awt/windows/WWindowPeer _setResizable (Z)V 2049 1 256 0 -1
ciMethod sun/awt/windows/WWindowPeer initialize ()V 2049 1 7423 0 0
ciMethod sun/awt/windows/WWindowPeer updateInsets (Ljava/awt/Insets;)V 2049 1 256 0 -1
ciMethod sun/awt/windows/WWindowPeer getSysIconWidth ()I 0 0 1 0 -1
ciMethod sun/awt/windows/WWindowPeer getSysIconHeight ()I 0 0 1 0 -1
ciMethod sun/awt/windows/WWindowPeer getSysSmIconWidth ()I 0 0 1 0 -1
ciMethod sun/awt/windows/WWindowPeer getSysSmIconHeight ()I 0 0 1 0 -1
ciMethod sun/awt/windows/WWindowPeer setIconImagesData ([III[III)V 2049 1 256 0 -1
ciMethod sun/awt/windows/WWindowPeer updateIconImages ()V 2041 1 6400 0 160
ciMethod sun/awt/windows/WWindowPeer replaceSurfaceDataRecursively (Ljava/awt/Component;)V 0 0 1 0 -1
ciMethod sun/awt/windows/WWindowPeer setOpacity (F)V 0 0 1 0 -1
ciMethod sun/awt/windows/WWindowPeer setOpaqueImpl (Z)V 0 0 1 0 -1
ciMethod sun/awt/windows/WWindowPeer setOpaque (Z)V 2041 1 7423 0 576
ciMethod sun/awt/windows/WWindowPeer updateWindow (Z)V 0 0 1 0 -1
ciMethod sun/awt/windows/WWindowPeer initActiveWindowsTracking (Ljava/awt/Window;)V 2041 1 5375 0 832
ciMethod sun/awt/windows/WPanelPeer initialize ()V 2049 1 7423 0 0
ciMethod sun/awt/windows/WCanvasPeer initialize ()V 3065 1 6527 0 3424
ciMethod sun/awt/windows/WCanvasPeer setNativeBackgroundErase (ZZ)V 3073 1 384 0 -1
ciMethod sun/awt/windows/WColor getDefaultColor (I)Ljava/awt/Color; 2049 1 256 0 -1
ciMethodData java/awt/Component getTreeLock ()Ljava/lang/Object; 2 266999 orig 264 72 50 90 90 0 0 0 0 40 83 100 20 0 0 0 0 32 1 0 0 0 0 0 0 0 0 0 0 0 0 0 0 0 0 0 0 0 0 0 0 0 0 0 0 0 0 0 0 0 0 0 0 0 0 0 0 0 0 0 0 0 0 0 0 0 0 0 0 0 0 0 0 0 0 0 0 0 0 0 0 77 68 79 32 101 120 116 114 97 32 100 97 116 97 32 108 111 99 107 0 0 0 0 0 0 0 0 0 0 0 0 0 0 0 0 0 0 0 0 0 0 0 0 0 0 0 0 0 0 0 0 0 0 0 0 0 0 0 0 0 0 0 0 0 0 0 0 0 0 0 0 0 0 0 0 0 0 0 0 0 0 0 0 0 0 0 0 0 0 0 0 0 0 0 0 0 0 0 0 0 0 0 0 0 1 0 0 0 0 0 0 0 1 0 0 0 0 0 0 0 1 0 0 0 0 0 0 0 0 0 0 0 0 0 0 0 144 1 0 0 57 139 32 0 1 0 0 0 0 0 0 0 0 0 0 0 2 0 0 0 0 0 3 0 1 0 0 0 0 0 0 0 255 255 255 255 0 0 0 0 0 0 0 0 data 0 oops 0
ciMethodData java/awt/Component getFont_NoClientCode ()Ljava/awt/Font; 2 69248 orig 264 72 50 90 90 0 0 0 0 112 111 100 20 0 0 0 0 208 1 0 0 0 0 0 0 0 0 0 0 0 0 0 0 0 0 0 0 0 0 0 0 0 0 0 0 0 0 0 0 0 0 0 0 0 0 0 0 0 0 0 0 0 0 0 0 0 0 0 0 0 0 0 0 0 0 0 0 0 0 0 0 77 68 79 32 101 120 116 114 97 32 100 97 116 97 32 108 111 99 107 0 0 0 0 0 0 0 0 0 0 0 0 0 0 0 0 0 0 0 0 0 0 0 0 0 0 0 0 0 0 0 0 0 0 0 0 0 0 0 0 0 0 0 0 0 0 0 0 0 0 0 0 0 0 0 0 0 0 0 0 0 0 0 0 0 0 0 0 0 0 0 0 0 0 0 0 0 0 0 0 0 0 0 0 0 17 0 0 0 0 0 0 0 0 0 0 0 0 0 0 0 1 0 0 0 0 0 0 0 0 0 0 0 0 0 0 0 0 1 0 0 1 108 8 0 1 0 0 0 0 0 0 0 0 0 0 0 2 0 0 0 0 0 14 0 2 0 0 0 136 0 0 0 255 255 255 255 7 0 6 0 0 0 0 0 data 17 0x60007 0x7b8d 0x20 0x91f3 0x110007 0x7799 0x68 0x3f4 0x150005 0x0 0x165db530 0x3f4 0x0 0x0 0x180003 0x3f4 0x18 oops 1 10 javax/swing/JRootPane
ciMethodData java/awt/Component getFont ()Ljava/awt/Font; 2 107867 orig 264 72 50 90 90 0 0 0 0 168 110 100 20 0 0 0 0 120 1 0 0 0 0 0 0 0 0 0 0 0 0 0 0 0 0 0 0 0 0 0 0 0 0 0 0 0 0 0 0 0 0 0 0 0 0 0 0 0 0 0 0 0 0 0 0 0 0 0 0 0 0 0 0 0 0 0 0 0 0 0 0 77 68 79 32 101 120 116 114 97 32 100 97 116 97 32 108 111 99 107 0 0 0 0 0 0 0 0 0 0 0 0 0 0 0 0 0 0 0 0 0 0 0 0 0 0 0 0 0 0 0 0 0 0 0 0 0 0 0 0 0 0 0 0 0 0 0 0 0 0 0 0 0 0 0 0 0 0 0 0 0 0 0 0 0 0 0 0 0 0 0 0 0 0 0 0 0 0 0 0 0 0 0 0 0 17 0 0 0 0 0 0 0 0 0 0 0 0 0 0 0 1 0 0 0 0 0 0 0 0 0 0 0 0 0 0 0 0 1 0 0 217 34 13 0 1 0 0 0 0 0 0 0 0 0 0 0 2 0 0 0 0 0 15 0 2 0 0 0 48 0 0 0 255 255 255 255 5 0 1 0 0 0 0 0 data 6 0x10005 0xca1e 0x18ed0290 0xb152 0x18ed0340 0x28eb oops 2 2 javax/swing/JLabel 4 javax/swing/JButton
ciMethodData java/awt/Component firePropertyChange (Ljava/lang/String;Ljava/lang/Object;Ljava/lang/Object;)V 2 5781 orig 264 72 50 90 90 0 0 0 0 136 44 101 20 0 0 0 0 136 2 0 0 216 0 0 0 0 0 0 0 0 0 0 0 0 0 0 0 0 0 0 0 0 0 0 0 0 0 0 0 0 0 0 0 0 0 0 0 0 0 0 0 0 0 0 0 0 0 0 0 0 0 0 0 0 0 0 0 0 0 0 0 77 68 79 32 101 120 116 114 97 32 100 97 116 97 32 108 111 99 107 0 0 0 0 0 0 0 0 0 0 0 0 0 0 0 0 0 0 0 0 0 0 0 0 0 0 0 0 0 0 0 0 0 0 0 0 0 0 0 0 0 0 0 0 0 0 0 0 0 0 0 0 0 0 0 0 0 0 0 0 0 0 0 0 0 0 0 0 0 0 0 0 0 0 0 0 0 0 0 0 0 0 0 0 0 0 0 0 0 0 0 0 0 0 0 0 0 0 0 0 0 0 0 0 0 0 0 0 0 0 0 0 0 0 0 0 0 135 1 0 0 113 168 0 0 1 0 0 0 0 0 0 0 0 0 0 0 2 0 0 0 0 0 31 0 2 0 0 0 40 1 0 0 255 255 255 255 5 0 1 0 0 0 0 0 data 37 0x10005 0xaef 0x18ed0290 0x907 0x16718040 0x118 0x110003 0x150e 0x18 0x1e0007 0xdc0 0xb0 0x74e 0x220007 0x4b0 0x90 0x29e 0x260007 0x0 0x70 0x29e 0x2b0005 0x1b1 0x18cf9e60 0x28 0x18cf8f20 0xc5 0x2e0007 0x29e 0x20 0x0 0x370005 0x0 0x165dd120 0x74e 0x0 0x0 oops 5 2 javax/swing/JLabel 4 view/TelaLogin 23 javax/swing/text/PlainDocument 25 javax/swing/plaf/FontUIResource 33 java/beans/PropertyChangeSupport
ciMethodData java/util/ArrayList <init> ()V 2 13007 orig 264 72 50 90 90 0 0 0 0 80 227 72 20 0 0 0 0 48 1 0 0 0 0 0 0 0 0 0 0 0 0 0 0 0 0 0 0 0 0 0 0 0 0 0 0 0 0 0 0 0 0 0 0 0 0 0 0 0 0 0 0 0 0 0 0 0 0 0 0 0 0 0 0 0 0 0 0 0 0 0 0 77 68 79 32 101 120 116 114 97 32 100 97 116 97 32 108 111 99 107 0 0 0 0 0 0 0 0 0 0 0 0 0 0 0 0 0 0 0 0 0 0 0 0 0 0 0 0 0 0 0 0 0 0 0 0 0 0 0 0 0 0 0 0 0 0 0 0 0 0 0 0 0 0 0 0 0 0 0 0 0 0 0 0 0 0 0 0 0 0 0 0 0 0 0 0 0 0 0 0 0 0 0 0 0 0 0 0 0 0 0 0 0 0 0 0 0 0 0 0 0 0 0 0 0 0 0 0 0 0 0 0 0 0 0 0 0 244 0 0 0 217 142 1 0 1 0 0 0 0 0 0 0 0 0 0 0 2 0 0 0 0 0 3 0 2 0 0 0 16 0 0 0 255 255 255 255 2 0 1 0 0 0 0 0 data 2 0x10002 0x31db oops 0
ciMethodData java/awt/Frame getExtendedState ()I 2 7423 orig 264 72 50 90 90 0 0 0 0 96 48 98 20 0 0 0 0 120 1 0 0 0 0 0 0 0 0 0 0 0 0 0 0 0 0 0 0 0 0 0 0 0 0 0 0 0 0 0 0 0 0 0 0 0 0 0 0 0 0 0 0 0 0 0 0 0 0 0 0 0 0 0 0 0 0 0 0 0 0 0 0 77 68 79 32 101 120 116 114 97 32 100 97 116 97 32 108 111 99 107 0 0 0 0 0 0 0 0 0 0 0 0 0 0 0 0 0 0 0 0 0 0 0 0 0 0 0 0 0 0 0 0 0 0 0 0 0 0 0 0 0 0 0 0 0 0 0 0 0 0 0 0 0 0 0 0 0 0 0 0 0 0 0 0 0 0 0 0 0 0 0 0 0 0 0 0 0 0 0 0 0 0 0 0 0 0 0 0 0 0 0 0 0 0 0 0 0 0 0 0 0 0 0 0 0 0 0 0 0 0 0 0 0 0 0 0 0 8 0 0 0 185 231 0 0 1 0 0 0 0 0 0 0 0 0 0 0 2 0 0 0 0 0 0 0 0 0 0 0 48 0 0 0 255 255 255 255 5 0 1 0 0 0 0 0 data 6 0x10005 0x0 0x16718040 0x1cf7 0x0 0x0 oops 1 2 view/TelaLogin
ciMethodData java/awt/Component getForeground ()Ljava/awt/Color; 2 37011 orig 264 72 50 90 90 0 0 0 0 80 106 100 20 0 0 0 0 208 1 0 0 0 0 0 0 0 0 0 0 0 0 0 0 0 0 0 0 0 0 0 0 0 0 0 0 0 0 0 0 0 0 0 0 0 0 0 0 0 0 0 0 0 0 0 0 0 0 0 0 0 0 0 0 0 0 0 0 0 0 0 0 77 68 79 32 101 120 116 114 97 32 100 97 116 97 32 108 111 99 107 0 0 0 0 0 0 0 0 0 0 0 0 0 0 0 0 0 0 0 0 0 0 0 0 0 0 0 0 0 0 0 0 0 0 0 0 0 0 0 0 0 0 0 0 0 0 0 0 0 0 0 0 0 0 0 0 0 0 0 0 0 0 0 0 0 0 0 0 0 0 0 0 0 0 0 0 0 0 0 0 0 0 0 0 0 17 0 0 0 0 0 0 0 0 0 0 0 0 0 0 0 1 0 0 0 0 0 0 0 0 0 0 0 0 0 0 0 128 1 0 0 153 120 4 0 1 0 0 0 0 0 0 0 0 0 0 0 2 0 0 0 0 0 14 0 2 0 0 0 136 0 0 0 255 255 255 255 7 0 6 0 0 0 0 0 data 17 0x60007 0x69ce 0x20 0x2545 0x110007 0x69ce 0x68 0x0 0x150005 0x0 0x0 0x0 0x0 0x0 0x180003 0x0 0x18 oops 0
ciMethodData java/awt/Component getBackground ()Ljava/awt/Color; 2 35004 orig 264 72 50 90 90 0 0 0 0 136 108 100 20 0 0 0 0 208 1 0 0 0 0 0 0 0 0 0 0 0 0 0 0 0 0 0 0 0 0 0 0 0 0 0 0 0 0 0 0 0 0 0 0 0 0 0 0 0 0 0 0 0 0 0 0 0 0 0 0 0 0 0 0 0 0 0 0 0 0 0 0 77 68 79 32 101 120 116 114 97 32 100 97 116 97 32 108 111 99 107 0 0 0 0 0 0 0 0 0 0 0 0 0 0 0 0 0 0 0 0 0 0 0 0 0 0 0 0 0 0 0 0 0 0 0 0 0 0 0 0 0 0 0 0 0 0 0 0 0 0 0 0 0 0 0 0 0 0 0 0 0 0 0 0 0 0 0 0 0 0 0 0 0 0 0 0 0 0 0 0 0 0 0 0 0 17 0 0 0 0 0 0 0 0 0 0 0 0 0 0 0 1 0 0 0 0 0 0 0 0 0 0 0 0 0 0 0 128 1 0 0 225 57 4 0 1 0 0 0 0 0 0 0 0 0 0 0 2 0 0 0 0 0 8 0 2 0 0 0 136 0 0 0 255 255 255 255 7 0 6 0 0 0 0 0 data 17 0x60007 0x524d 0x20 0x34ef 0x110007 0x524d 0x68 0x0 0x150005 0x0 0x0 0x0 0x0 0x0 0x180003 0x0 0x18 oops 0
ciMethodData java/awt/Component setForeground (Ljava/awt/Color;)V 2 6414 orig 264 72 50 90 90 0 0 0 0 48 107 100 20 0 0 0 0 32 2 0 0 112 0 0 0 0 0 0 0 0 0 0 0 0 0 0 0 0 0 0 0 0 0 0 0 0 0 0 0 0 0 0 0 0 0 0 0 0 0 0 0 0 0 0 0 0 0 0 0 0 0 0 0 0 0 0 0 0 0 0 0 77 68 79 32 101 120 116 114 97 32 100 97 116 97 32 108 111 99 107 0 0 0 0 0 0 0 0 0 0 0 0 0 0 0 0 0 0 0 0 0 0 0 0 0 0 0 0 0 0 0 0 0 0 0 0 0 0 0 0 0 0 0 0 0 0 0 0 0 0 0 0 0 0 0 0 0 0 0 0 0 0 0 0 0 0 0 0 0 0 0 0 0 0 0 0 0 0 0 0 0 0 0 0 0 17 0 0 0 0 0 0 0 0 0 0 0 0 0 0 0 0 0 0 0 0 0 0 0 0 0 0 0 0 0 0 0 14 1 0 0 1 192 0 0 1 0 0 0 0 0 0 0 0 0 0 0 2 0 0 0 0 0 20 0 2 0 0 0 208 0 0 0 255 255 255 255 7 0 16 0 0 0 0 0 data 26 0x100007 0x1800 0xa0 0x0 0x140005 0x0 0x0 0x0 0x0 0x0 0x190007 0x0 0x50 0x0 0x1e0005 0x0 0x0 0x0 0x0 0x0 0x280005 0x1470 0x165db480 0x260 0x165db530 0x130 oops 2 22 javax/swing/JPanel 24 javax/swing/JRootPane
ciMethodData java/awt/Container setFont (Ljava/awt/Font;)V 2 5405 orig 264 72 50 90 90 0 0 0 0 0 118 99 20 0 0 0 0 128 2 0 0 224 0 0 0 0 0 0 0 0 0 0 0 0 0 0 0 0 0 0 0 0 0 0 0 0 0 0 0 0 0 0 0 0 0 0 0 0 0 0 0 0 0 0 0 0 0 0 0 0 0 0 0 0 0 0 0 0 0 0 0 77 68 79 32 101 120 116 114 97 32 100 97 116 97 32 108 111 99 107 0 0 0 0 0 0 0 0 0 0 0 0 0 0 0 0 0 0 0 0 0 0 0 0 0 0 0 0 0 0 0 0 0 0 0 0 0 0 0 0 0 0 0 0 0 0 0 0 0 0 0 0 0 0 0 0 0 0 0 0 0 0 0 0 0 0 0 0 0 0 0 0 0 0 0 0 0 0 0 0 0 0 0 0 0 0 0 0 0 0 0 0 0 0 0 0 0 0 0 0 0 0 0 0 0 0 0 0 0 0 0 0 0 0 0 0 0 0 1 0 0 233 160 0 0 1 0 0 0 0 0 0 0 0 0 0 0 2 0 0 0 0 0 25 0 2 0 0 0 48 1 0 0 255 255 255 255 5 0 3 0 0 0 0 0 data 38 0x30005 0x1091 0x165db480 0x25d 0x165db530 0x12f 0x90002 0x141d 0xd0005 0x1091 0x165db480 0x25d 0x165db530 0x12f 0x150007 0x12f 0xc0 0x12ee 0x190007 0xd03 0x70 0x5eb 0x1f0005 0x0 0x18cf8f20 0x5eb 0x0 0x0 0x220007 0x0 0x50 0x5eb 0x260005 0xf62 0x165db480 0x25d 0x165db530 0x12f oops 7 2 javax/swing/JPanel 4 javax/swing/JRootPane 10 javax/swing/JPanel 12 javax/swing/JRootPane 24 javax/swing/plaf/FontUIResource 34 javax/swing/JPanel 36 javax/swing/JRootPane
ciMethodData java/awt/Component setFont (Ljava/awt/Font;)V 2 5405 orig 264 72 50 90 90 0 0 0 0 128 112 100 20 0 0 0 0 40 3 0 0 136 1 0 0 0 0 0 0 0 0 0 0 0 0 0 0 0 0 0 0 0 0 0 0 0 0 0 0 0 0 0 0 0 0 0 0 0 0 0 0 0 0 0 0 0 0 0 0 0 0 0 0 0 0 0 0 0 0 0 0 77 68 79 32 101 120 116 114 97 32 100 97 116 97 32 108 111 99 107 0 0 0 0 0 0 0 0 0 0 0 0 0 0 0 0 0 0 0 0 0 0 0 0 0 0 0 0 0 0 0 0 0 0 0 0 0 0 0 0 0 0 0 0 0 0 0 0 0 0 0 0 0 0 0 0 0 0 0 0 0 0 0 0 0 0 0 0 0 0 0 0 0 0 0 0 0 0 0 0 0 0 0 0 0 17 0 0 0 0 0 0 0 0 0 0 0 0 0 0 0 0 0 0 0 0 0 0 0 0 0 0 0 0 0 0 0 0 1 0 0 233 160 0 0 1 0 0 0 0 0 0 0 0 0 0 0 2 0 0 0 0 0 38 0 2 0 0 0 216 1 0 0 255 255 255 255 5 0 1 0 0 0 0 0 data 59 0x10005 0x1093 0x165db480 0x25c 0x165db530 0x12e 0x1c0007 0x141d 0xa0 0x0 0x200005 0x0 0x0 0x0 0x0 0x0 0x250007 0x0 0x50 0x0 0x2b0005 0x0 0x0 0x0 0x0 0x0 0x380003 0x141d 0x18 0x480005 0x1091 0x165db480 0x25d 0x165db530 0x12f 0x4d0007 0x12f 0xc0 0x12ee 0x510007 0xd03 0x70 0x5eb 0x560005 0x0 0x18cf8f20 0x5eb 0x0 0x0 0x590007 0x0 0x50 0x5eb 0x5d0005 0xf64 0x165db480 0x25c 0x165db530 0x12e oops 7 2 javax/swing/JPanel 4 javax/swing/JRootPane 31 javax/swing/JPanel 33 javax/swing/JRootPane 45 javax/swing/plaf/FontUIResource 55 javax/swing/JPanel 57 javax/swing/JRootPane
ciMethodData sun/awt/windows/WComponentPeer getGraphicsConfiguration ()Ljava/awt/GraphicsConfiguration; 2 41951 orig 264 72 50 90 90 0 0 0 0 32 10 122 20 0 0 0 0 200 1 0 0 0 0 0 0 0 0 0 0 0 0 0 0 0 0 0 0 0 0 0 0 0 0 0 0 0 0 0 0 0 0 0 0 0 0 0 0 0 0 0 0 0 0 0 0 0 0 0 0 0 0 0 0 0 0 0 0 0 0 0 0 77 68 79 32 101 120 116 114 97 32 100 97 116 97 32 108 111 99 107 0 0 0 0 0 0 0 0 0 0 0 0 0 0 0 0 0 0 0 0 0 0 0 0 0 0 0 0 0 0 0 0 0 0 0 0 0 0 0 0 0 0 0 0 0 0 0 0 0 0 0 0 0 0 0 0 0 0 0 0 0 0 0 0 0 0 0 0 0 0 0 0 0 0 0 0 0 0 0 0 0 0 0 0 0 0 0 0 0 0 0 0 0 0 0 0 0 0 0 0 0 0 0 0 0 0 0 0 0 0 0 0 0 0 0 0 0 0 1 0 0 249 22 5 0 1 0 0 0 0 0 0 0 0 0 0 0 2 0 0 0 0 0 5 0 2 0 0 0 128 0 0 0 255 255 255 255 7 0 4 0 0 0 0 0 data 16 0x40007 0x0 0x20 0xa2df 0x100004 0x0 0x0 0x0 0x0 0x0 0x130005 0x0 0x0 0x0 0x0 0x0 oops 0
ciMethodData java/util/WeakHashMap put (Ljava/lang/Object;Ljava/lang/Object;)Ljava/lang/Object; 2 5159 orig 264 72 50 90 90 0 0 0 0 56 41 77 20 0 0 0 0 32 3 0 0 80 0 0 0 0 0 0 0 0 0 0 0 0 0 0 0 0 0 0 0 0 0 0 0 0 0 0 0 0 0 0 0 0 0 0 0 0 0 0 0 0 0 0 0 0 0 0 0 0 0 0 0 0 0 0 0 0 0 0 0 77 68 79 32 101 120 116 114 97 32 100 97 116 97 32 108 111 99 107 0 0 0 0 0 0 0 0 0 0 0 0 0 0 0 0 0 0 0 0 0 0 0 0 0 0 0 0 0 0 0 0 0 0 0 0 0 0 0 0 0 0 0 0 0 0 0 0 0 0 0 0 0 0 0 0 0 0 0 0 0 0 0 0 0 0 0 0 0 0 0 0 0 0 0 0 0 0 0 0 0 0 0 0 0 0 0 0 0 0 0 0 0 0 0 0 0 0 0 0 0 0 0 0 0 0 0 0 0 0 0 0 0 0 0 0 0 39 0 0 0 1 160 0 0 225 83 0 0 0 0 0 0 0 0 0 0 2 0 0 0 1 0 34 0 2 0 0 0 200 1 0 0 255 255 255 255 2 0 1 0 0 0 0 0 data 57 0x10002 0x1400 0x70005 0x100 0x16926340 0x1300 0x0 0x0 0xd0002 0x1400 0x170002 0x1400 0x250007 0x1400 0xd8 0xa7c 0x2f0007 0xa74 0xa0 0x8 0x350005 0x0 0x16928880 0x8 0x0 0x0 0x380002 0x8 0x3b0007 0x8 0x40 0x0 0x480007 0x0 0x20 0x0 0x5b0003 0xa7c 0xffffffffffffff40 0x810002 0x1400 0x840004 0x0 0x16928880 0x1400 0x0 0x0 0x940007 0x13f8 0x50 0x8 0x9d0005 0x0 0x16926340 0x8 0x0 0x0 oops 4 4 java/util/WeakHashMap 22 java/util/WeakHashMap$Entry 43 java/util/WeakHashMap$Entry 53 java/util/WeakHashMap
ciMethodData java/awt/Color getAlpha ()I 2 19539 orig 264 72 50 90 90 0 0 0 0 232 8 137 20 0 0 0 0 120 1 0 0 0 0 0 0 0 0 0 0 0 0 0 0 0 0 0 0 0 0 0 0 0 0 0 0 0 0 0 0 0 0 0 0 0 0 0 0 0 0 0 0 0 0 0 0 0 0 0 0 0 0 0 0 0 0 0 0 0 0 0 0 77 68 79 32 101 120 116 114 97 32 100 97 116 97 32 108 111 99 107 0 0 0 0 0 0 0 0 0 0 0 0 0 0 0 0 0 0 0 0 0 0 0 0 0 0 0 0 0 0 0 0 0 0 0 0 0 0 0 0 0 0 0 0 0 0 0 0 0 0 0 0 0 0 0 0 0 0 0 0 0 0 0 0 0 0 0 0 0 0 0 0 0 0 0 0 0 0 0 0 0 0 0 0 0 0 0 0 0 0 0 0 0 0 0 0 0 0 0 0 0 0 0 0 0 0 0 0 0 0 0 0 0 0 0 0 0 0 1 0 0 153 90 2 0 1 0 0 0 0 0 0 0 0 0 0 0 2 0 0 0 0 0 3 0 2 0 0 0 48 0 0 0 255 255 255 255 5 0 1 0 0 0 0 0 data 6 0x10005 0x0 0x166051a0 0x4b53 0x0 0x0 oops 1 2 javax/swing/plaf/ColorUIResource
ciMethodData java/awt/Window getBackground ()Ljava/awt/Color; 2 24490 orig 264 72 50 90 90 0 0 0 0 120 241 98 20 0 0 0 0 48 1 0 0 0 0 0 0 0 0 0 0 0 0 0 0 0 0 0 0 0 0 0 0 0 0 0 0 0 0 0 0 0 0 0 0 0 0 0 0 0 0 0 0 0 0 0 0 0 0 0 0 0 0 0 0 0 0 0 0 0 0 0 0 77 68 79 32 101 120 116 114 97 32 100 97 116 97 32 108 111 99 107 0 0 0 0 0 0 0 0 0 0 0 0 0 0 0 0 0 0 0 0 0 0 0 0 0 0 0 0 0 0 0 0 0 0 0 0 0 0 0 0 0 0 0 0 0 0 0 0 0 0 0 0 0 0 0 0 0 0 0 0 0 0 0 0 0 0 0 0 0 0 0 0 0 0 0 0 0 0 0 0 0 0 0 0 0 0 0 0 0 0 0 0 0 0 0 0 0 0 0 0 0 0 0 0 0 0 0 0 0 0 0 0 0 0 0 0 0 0 1 0 0 81 245 2 0 1 0 0 0 0 0 0 0 0 0 0 0 2 0 0 0 0 0 9 0 2 0 0 0 16 0 0 0 255 255 255 255 2 0 1 0 0 0 0 0 data 2 0x10002 0x5eaa oops 0
ciMethodData java/util/Collections$SynchronizedMap put (Ljava/lang/Object;Ljava/lang/Object;)Ljava/lang/Object; 2 5376 orig 264 72 50 90 90 0 0 0 0 232 28 129 20 0 0 0 0 136 1 0 0 0 0 0 0 0 0 0 0 0 0 0 0 0 0 0 0 0 0 0 0 0 0 0 0 0 0 0 0 0 0 0 0 0 0 0 0 0 0 0 0 0 0 0 0 0 0 0 0 0 0 0 0 0 0 0 0 0 0 0 0 77 68 79 32 101 120 116 114 97 32 100 97 116 97 32 108 111 99 107 0 0 0 0 0 0 0 0 0 0 0 0 0 0 0 0 0 0 0 0 0 0 0 0 0 0 0 0 0 0 0 0 0 0 0 0 0 0 0 0 0 0 0 0 0 0 0 0 0 0 0 0 0 0 0 0 0 0 0 0 0 0 0 0 0 0 0 0 0 0 0 0 0 0 0 0 0 0 0 0 0 0 0 0 0 0 0 0 0 0 0 0 0 0 0 0 0 0 0 0 0 0 0 0 0 0 0 0 0 0 0 0 0 0 0 0 0 0 1 0 0 1 160 0 0 1 0 0 0 0 0 0 0 0 0 0 0 2 0 0 0 0 0 7 0 2 0 0 0 48 0 0 0 255 255 255 255 5 0 13 0 0 0 0 0 data 6 0xd0005 0x0 0x16926340 0x1400 0x0 0x0 oops 1 2 java/util/WeakHashMap
ciMethodData sun/awt/SunDisplayChanger add (Lsun/awt/DisplayChangedListener;)V 2 5376 orig 264 72 50 90 90 0 0 0 0 216 1 144 20 0 0 0 0 64 3 0 0 144 1 0 0 0 0 0 0 0 0 0 0 0 0 0 0 0 0 0 0 0 0 0 0 0 0 0 0 0 0 0 0 0 0 0 0 0 0 0 0 0 0 0 0 0 0 0 0 0 0 0 0 0 0 0 0 0 0 0 0 77 68 79 32 101 120 116 114 97 32 100 97 116 97 32 108 111 99 107 0 0 0 0 0 0 0 0 0 0 0 0 0 0 0 0 0 0 0 0 0 0 0 0 0 0 0 0 0 0 0 0 0 0 0 0 0 0 0 0 0 0 0 0 0 0 0 0 0 0 0 0 0 0 0 0 0 0 0 0 0 0 0 0 0 0 0 0 0 0 0 0 0 0 0 0 0 0 0 0 0 0 0 0 0 0 0 0 0 0 0 0 0 0 0 0 0 0 0 0 0 0 0 0 0 0 0 0 0 0 0 0 0 0 0 0 0 0 1 0 0 1 160 0 0 1 0 0 0 0 0 0 0 0 0 0 0 2 0 0 0 0 0 16 0 2 0 0 0 240 1 0 0 255 255 255 255 5 0 6 0 0 0 0 0 data 62 0x60005 0x0 0x17af4620 0x1400 0x0 0x0 0x90007 0x1400 0x70 0x0 0xd0007 0x0 0x50 0x0 0x150005 0x0 0x0 0x0 0x0 0x0 0x1e0005 0x0 0x17af4620 0x1400 0x0 0x0 0x210007 0x1400 0xf0 0x0 0x2b0002 0x0 0x300005 0x0 0x0 0x0 0x0 0x0 0x340005 0x0 0x0 0x0 0x0 0x0 0x370005 0x0 0x0 0x0 0x0 0x0 0x3a0005 0x0 0x0 0x0 0x0 0x0 0x430005 0x0 0x17af5cd0 0x1400 0x0 0x0 oops 3 2 sun/util/logging/PlatformLogger 22 sun/util/logging/PlatformLogger 58 java/util/Collections$SynchronizedMap
ciMethodData sun/awt/Win32GraphicsDevice addDisplayChangedListener (Lsun/awt/DisplayChangedListener;)V 2 7424 orig 264 72 50 90 90 0 0 0 0 224 135 173 20 0 0 0 0 128 1 0 0 0 0 0 0 0 0 0 0 0 0 0 0 0 0 0 0 0 0 0 0 0 0 0 0 0 0 0 0 0 0 0 0 0 0 0 0 0 0 0 0 0 0 0 0 0 0 0 0 0 0 0 0 0 0 0 0 0 0 0 0 77 68 79 32 101 120 116 114 97 32 100 97 116 97 32 108 111 99 107 0 0 0 0 0 0 0 0 0 0 0 0 0 0 0 0 0 0 0 0 0 0 0 0 0 0 0 0 0 0 0 0 0 0 0 0 0 0 0 0 0 0 0 0 0 0 0 0 0 0 0 0 0 0 0 0 0 0 0 0 0 0 0 0 0 0 0 0 0 0 0 0 0 0 0 0 0 0 0 0 0 0 0 0 0 0 0 0 0 0 0 0 0 0 0 0 0 0 0 0 0 0 0 0 0 0 0 0 0 0 0 0 0 0 0 0 0 255 0 0 0 9 224 0 0 1 0 0 0 0 0 0 0 0 0 0 0 2 0 0 0 0 0 0 0 0 0 0 0 48 0 0 0 255 255 255 255 5 0 5 0 0 0 0 0 data 6 0x50005 0x0 0x17af2b00 0x1c01 0x0 0x0 oops 1 2 sun/awt/SunDisplayChanger
ciMethodData sun/awt/windows/WFramePeer initialize ()V 2 7424 orig 264 72 50 90 90 0 0 0 0 200 83 61 23 0 0 0 0 248 2 0 0 192 0 0 0 0 0 0 0 0 0 0 0 0 0 0 0 0 0 0 0 0 0 0 0 0 0 0 0 0 0 0 0 0 0 0 0 0 0 0 0 0 0 0 0 0 0 0 0 0 0 0 0 0 0 0 0 0 0 0 0 77 68 79 32 101 120 116 114 97 32 100 97 116 97 32 108 111 99 107 0 0 0 0 0 0 0 0 0 0 0 0 0 0 0 0 0 0 0 0 0 0 0 0 0 0 0 0 0 0 0 0 0 0 0 0 0 0 0 0 0 0 0 0 0 0 0 0 0 0 0 0 0 0 0 0 0 0 0 0 0 0 0 0 0 0 0 0 0 0 0 0 0 0 0 0 0 0 0 0 0 0 0 0 0 0 0 0 0 0 0 0 0 0 0 0 0 0 0 0 0 0 0 0 0 0 0 0 0 0 0 0 0 0 0 0 0 0 1 0 0 1 224 0 0 1 0 0 0 0 0 0 0 0 0 0 0 2 0 0 0 0 0 14 0 2 0 0 0 176 1 0 0 255 255 255 255 2 0 1 0 0 0 0 0 data 54 0x10002 0x1bff 0x80004 0x0 0x16718040 0x1bff 0x0 0x0 0xd0005 0x0 0x16718040 0x1bff 0x0 0x0 0x100007 0x0 0x80 0x1bff 0x150005 0x0 0x16718040 0x1bff 0x0 0x0 0x180005 0x0 0x16717ae0 0x1bff 0x0 0x0 0x1d0005 0x0 0x16718040 0x1bff 0x0 0x0 0x200005 0x0 0x16717ae0 0x1bff 0x0 0x0 0x250005 0x0 0x16718040 0x1bff 0x0 0x0 0x280005 0x0 0x16717ae0 0x1bff 0x0 0x0 oops 8 4 view/TelaLogin 10 view/TelaLogin 20 view/TelaLogin 26 sun/awt/windows/WFramePeer 32 view/TelaLogin 38 sun/awt/windows/WFramePeer 44 view/TelaLogin 50 sun/awt/windows/WFramePeer
ciMethodData sun/awt/windows/WWindowPeer initialize ()V 2 7423 orig 264 72 50 90 90 0 0 0 0 120 130 61 23 0 0 0 0 16 6 0 0 192 3 0 0 0 0 0 0 0 0 0 0 0 0 0 0 0 0 0 0 0 0 0 0 0 0 0 0 0 0 0 0 0 0 0 0 0 0 0 0 0 0 0 0 0 0 0 0 0 0 0 0 0 0 0 0 0 0 0 0 77 68 79 32 101 120 116 114 97 32 100 97 116 97 32 108 111 99 107 0 0 0 0 0 0 0 0 0 0 0 0 0 0 0 0 0 0 0 0 0 0 0 0 0 0 0 0 0 0 0 0 0 0 0 0 0 0 0 0 0 0 0 0 0 0 0 0 0 0 0 0 0 0 0 0 0 0 0 0 0 0 0 0 0 0 0 0 0 0 0 0 0 0 0 0 0 0 0 0 0 0 0 0 0 0 0 0 0 0 0 0 0 0 0 0 0 0 0 0 0 0 0 0 0 0 0 0 0 0 0 0 0 0 0 0 0 0 1 0 0 249 223 0 0 1 0 0 0 0 0 0 0 0 0 0 0 2 0 0 0 0 0 34 0 2 0 0 0 200 4 0 0 255 255 255 255 2 0 1 0 0 0 0 0 data 153 0x10002 0x1bff 0x90005 0x0 0x16717ae0 0x1bff 0x0 0x0 0x100004 0x0 0x16718040 0x1bff 0x0 0x0 0x130005 0x0 0x16718040 0x1bff 0x0 0x0 0x180007 0x0 0xb0 0x1bff 0x230004 0x0 0x16718040 0x1bff 0x0 0x0 0x270005 0x0 0x16718040 0x1bff 0x0 0x0 0x2c0005 0x0 0x16717ae0 0x1bff 0x0 0x0 0x300005 0x0 0x16717ae0 0x1bff 0x0 0x0 0x350005 0x0 0x18c3f980 0x1bff 0x0 0x0 0x380004 0x0 0x1671cfe0 0x1bff 0x0 0x0 0x3c0005 0x0 0x1671cfe0 0x1bff 0x0 0x0 0x430004 0x0 0x16718040 0x1bff 0x0 0x0 0x460002 0x1bff 0x4a0005 0x0 0x16717ae0 0x1bff 0x0 0x0 0x510004 0x0 0x16718040 0x1bff 0x0 0x0 0x540005 0x0 0x16718040 0x1bff 0x0 0x0 0x590007 0x1bff 0x60 0x0 0x5f0002 0x0 0x620005 0x0 0x0 0x0 0x0 0x0 0x690004 0x0 0x16718040 0x1bff 0x0 0x0 0x6c0005 0x0 0x16718040 0x1bff 0x0 0x0 0x750007 0x1bff 0x50 0x0 0x7b0005 0x0 0x0 0x0 0x0 0x0 0x7f0005 0x0 0x16717ae0 0x1bff 0x0 0x0 0x900004 0x0 0x16718040 0x1bff 0x0 0x0 0x930005 0x0 0x16718040 0x1bff 0x0 0x0 0x960005 0x0 0x16717ae0 0x1bff 0x0 0x0 0x9c0003 0x1bff 0x18 oops 20 4 sun/awt/windows/WFramePeer 10 view/TelaLogin 16 view/TelaLogin 26 view/TelaLogin 32 view/TelaLogin 38 sun/awt/windows/WFramePeer 44 sun/awt/windows/WFramePeer 50 sun/awt/Win32GraphicsConfig 56 sun/awt/Win32GraphicsDevice 62 sun/awt/Win32GraphicsDevice 68 view/TelaLogin 76 sun/awt/windows/WFramePeer 82 view/TelaLogin 88 view/TelaLogin 106 view/TelaLogin 112 view/TelaLogin 128 sun/awt/windows/WFramePeer 134 view/TelaLogin 140 view/TelaLogin 146 sun/awt/windows/WFramePeer
ciMethodData sun/awt/windows/WWindowPeer setTitle (Ljava/lang/String;)V 2 7423 orig 264 72 50 90 90 0 0 0 0 128 126 61 23 0 0 0 0 88 1 0 0 0 0 0 0 0 0 0 0 0 0 0 0 0 0 0 0 0 0 0 0 0 0 0 0 0 0 0 0 0 0 0 0 0 0 0 0 0 0 0 0 0 0 0 0 0 0 0 0 0 0 0 0 0 0 0 0 0 0 0 0 77 68 79 32 101 120 116 114 97 32 100 97 116 97 32 108 111 99 107 0 0 0 0 0 0 0 0 0 0 0 0 0 0 0 0 0 0 0 0 0 0 0 0 0 0 0 0 0 0 0 0 0 0 0 0 0 0 0 0 0 0 0 0 0 0 0 0 0 0 0 0 0 0 0 0 0 0 0 0 0 0 0 0 0 0 0 0 0 0 0 0 0 0 0 0 0 0 0 0 0 0 0 0 0 0 0 0 0 0 0 0 0 0 0 0 0 0 0 0 0 0 0 0 0 0 0 0 0 0 0 0 0 0 0 0 0 255 0 0 0 1 224 0 0 1 0 0 0 0 0 0 0 0 0 0 0 2 0 0 0 0 0 0 0 0 0 0 0 48 0 0 0 255 255 255 255 7 0 1 0 0 0 0 0 data 6 0x10007 0x1c00 0x20 0x0 0x90002 0x1c00 oops 0
ciMethodData sun/awt/windows/WWindowPeer setResizable (Z)V 2 7423 orig 264 72 50 90 90 0 0 0 0 176 127 61 23 0 0 0 0 56 1 0 0 0 0 0 0 0 0 0 0 0 0 0 0 0 0 0 0 0 0 0 0 0 0 0 0 0 0 0 0 0 0 0 0 0 0 0 0 0 0 0 0 0 0 0 0 0 0 0 0 0 0 0 0 0 0 0 0 0 0 0 0 77 68 79 32 101 120 116 114 97 32 100 97 116 97 32 108 111 99 107 0 0 0 0 0 0 0 0 0 0 0 0 0 0 0 0 0 0 0 0 0 0 0 0 0 0 0 0 0 0 0 0 0 0 0 0 0 0 0 0 0 0 0 0 0 0 0 0 0 0 0 0 0 0 0 0 0 0 0 0 0 0 0 0 0 0 0 0 0 0 0 0 0 0 0 0 0 0 0 0 0 0 0 0 0 0 0 0 0 0 0 0 0 0 0 0 0 0 0 0 0 0 0 0 0 0 0 0 0 0 0 0 0 0 0 0 0 255 0 0 0 1 224 0 0 1 0 0 0 0 0 0 0 0 0 0 0 2 0 0 0 0 0 0 0 0 0 0 0 16 0 0 0 255 255 255 255 2 0 2 0 0 0 0 0 data 2 0x20002 0x1c00 oops 0
ciMethodData sun/awt/windows/WPanelPeer initialize ()V 2 7423 orig 264 72 50 90 90 0 0 0 0 184 186 61 23 0 0 0 0 168 3 0 0 16 1 0 0 0 0 0 0 0 0 0 0 0 0 0 0 0 0 0 0 0 0 0 0 0 0 0 0 0 0 0 0 0 0 0 0 0 0 0 0 0 0 0 0 0 0 0 0 0 0 0 0 0 0 0 0 0 0 0 0 77 68 79 32 101 120 116 114 97 32 100 97 116 97 32 108 111 99 107 0 0 0 0 0 0 0 0 0 0 0 0 0 0 0 0 0 0 0 0 0 0 0 0 0 0 0 0 0 0 0 0 0 0 0 0 0 0 0 0 0 0 0 0 0 0 0 0 0 0 0 0 0 0 0 0 0 0 0 0 0 0 0 0 0 0 0 0 0 0 0 0 0 0 0 0 0 0 0 0 0 0 0 0 0 0 0 0 0 0 0 0 0 0 0 0 0 0 0 0 0 0 0 0 0 0 0 0 0 0 0 0 0 0 0 0 0 0 1 0 0 249 223 0 0 1 0 0 0 0 0 0 0 0 0 0 0 2 0 0 0 0 0 22 0 2 0 0 0 96 2 0 0 255 255 255 255 2 0 1 0 0 0 0 0 data 76 0x10002 0x1bff 0xd0002 0x1bff 0x170004 0x0 0x16718040 0x1bff 0x0 0x0 0x1a0005 0x0 0x16718040 0x1bff 0x0 0x0 0x1f0007 0x1bff 0xc0 0x0 0x230002 0x0 0x2b0004 0x0 0x0 0x0 0x0 0x0 0x2f0005 0x0 0x0 0x0 0x0 0x0 0x340005 0x0 0x0 0x0 0x0 0x0 0x3b0004 0x0 0x16718040 0x1bff 0x0 0x0 0x3e0005 0x0 0x16718040 0x1bff 0x0 0x0 0x430007 0x0 0xc0 0x1bff 0x470002 0x1bff 0x4f0004 0x0 0x16718040 0x1bff 0x0 0x0 0x530005 0x0 0x16718040 0x1bff 0x0 0x0 0x580005 0x0 0x16717ae0 0x1bff 0x0 0x0 oops 7 6 view/TelaLogin 12 view/TelaLogin 42 view/TelaLogin 48 view/TelaLogin 60 view/TelaLogin 66 view/TelaLogin 72 sun/awt/windows/WFramePeer
ciMethodData sun/awt/windows/WComponentPeer setFont (Ljava/awt/Font;)V 2 7423 orig 264 72 50 90 90 0 0 0 0 160 24 122 20 0 0 0 0 128 1 0 0 0 0 0 0 0 0 0 0 0 0 0 0 0 0 0 0 0 0 0 0 0 0 0 0 0 0 0 0 0 0 0 0 0 0 0 0 0 0 0 0 0 0 0 0 0 0 0 0 0 0 0 0 0 0 0 0 0 0 0 0 77 68 79 32 101 120 116 114 97 32 100 97 116 97 32 108 111 99 107 0 0 0 0 0 0 0 0 0 0 0 0 0 0 0 0 0 0 0 0 0 0 0 0 0 0 0 0 0 0 0 0 0 0 0 0 0 0 0 0 0 0 0 0 0 0 0 0 0 0 0 0 0 0 0 0 0 0 0 0 0 0 0 0 0 0 0 0 0 0 0 0 0 0 0 0 0 0 0 0 0 0 0 0 0 0 0 0 0 0 0 0 0 0 0 0 0 0 0 0 0 0 0 0 0 0 0 0 0 0 0 0 0 0 0 0 0 255 0 0 0 1 224 0 0 1 0 0 0 0 0 0 0 0 0 0 0 2 0 0 0 0 0 0 0 0 0 0 0 48 0 0 0 255 255 255 255 5 0 7 0 0 0 0 0 data 6 0x70005 0x0 0x16717ae0 0x1c00 0x0 0x0 oops 1 2 sun/awt/windows/WFramePeer
ciMethodData sun/awt/windows/WWindowPeer initActiveWindowsTracking (Ljava/awt/Window;)V 2 5375 orig 264 72 50 90 90 0 0 0 0 128 171 61 23 0 0 0 0 160 2 0 0 16 1 0 0 0 0 0 0 0 0 0 0 0 0 0 0 0 0 0 0 0 0 0 0 0 0 0 0 0 0 0 0 0 0 0 0 0 0 0 0 0 0 0 0 0 0 0 0 0 0 0 0 0 0 0 0 0 0 0 0 77 68 79 32 101 120 116 114 97 32 100 97 116 97 32 108 111 99 107 0 0 0 0 0 0 0 0 0 0 0 0 0 0 0 0 0 0 0 0 0 0 0 0 0 0 0 0 0 0 0 0 0 0 0 0 0 0 0 0 0 0 0 0 0 0 0 0 0 0 0 0 0 0 0 0 0 0 0 0 0 0 0 0 0 0 0 0 0 0 0 0 0 0 0 0 0 0 0 0 0 0 0 0 0 0 0 0 0 0 0 0 0 0 0 0 0 0 0 0 0 0 0 0 0 0 0 0 0 0 0 0 0 0 0 0 0 255 0 0 0 1 160 0 0 1 0 0 0 0 0 0 0 0 0 0 0 2 0 0 0 0 0 17 0 2 0 0 0 88 1 0 0 255 255 255 255 2 0 0 0 0 0 0 0 data 43 0x2 0x1400 0xc0005 0x81 0x1692bd80 0x137f 0x0 0x0 0xf0004 0x0 0x1780e940 0x1400 0x0 0x0 0x140007 0x1400 0xd0 0x0 0x1b0002 0x0 0x240005 0x0 0x0 0x0 0x0 0x0 0x2e0005 0x0 0x0 0x0 0x0 0x0 0x310002 0x0 0x3d0005 0x0 0x0 0x0 0x0 0x0 0x420003 0x1400 0x18 oops 2 4 sun/awt/AppContext 10 java/util/LinkedList
ciMethodData sun/awt/windows/WWindowPeer updateIconImages ()V 2 6400 orig 264 72 50 90 90 0 0 0 0 0 147 61 23 0 0 0 0 216 3 0 0 72 2 0 0 0 0 0 0 0 0 0 0 0 0 0 0 0 0 0 0 0 0 0 0 0 0 0 0 0 0 0 0 0 0 0 0 0 0 0 0 0 0 0 0 0 0 0 0 0 0 0 0 0 0 0 0 0 0 0 0 77 68 79 32 101 120 116 114 97 32 100 97 116 97 32 108 111 99 107 0 0 0 0 0 0 0 0 0 0 0 0 0 0 0 0 0 0 0 0 0 0 0 0 0 0 0 0 0 0 0 0 0 0 0 0 0 0 0 0 0 0 0 0 0 0 0 0 0 0 0 0 0 0 0 0 0 0 0 0 0 0 0 0 0 0 0 0 0 0 0 0 0 0 0 0 0 0 0 0 0 0 0 0 0 0 0 0 0 0 0 0 0 0 0 0 0 0 0 0 0 0 0 0 0 0 0 0 0 0 0 0 0 0 0 0 0 255 0 0 0 9 192 0 0 1 0 0 0 0 0 0 0 0 0 0 0 2 0 0 0 0 0 26 0 2 0 0 0 144 2 0 0 255 255 255 255 4 0 4 0 0 0 0 0 data 82 0x40004 0x0 0x16718040 0x1801 0x0 0x0 0x70005 0x0 0x16718040 0x1801 0x0 0x0 0xc0007 0x0 0x70 0x1801 0x100005 0x0 0x175b0660 0x1801 0x0 0x0 0x150007 0x0 0x68 0x1801 0x1f0005 0x0 0x16717ae0 0x1801 0x0 0x0 0x220003 0x1801 0x190 0x250002 0x0 0x290002 0x0 0x2d0002 0x0 0x320002 0x0 0x3a0002 0x0 0x440002 0x0 0x4b0007 0x0 0xe8 0x0 0x500007 0x0 0xc8 0x0 0x560005 0x0 0x0 0x0 0x0 0x0 0x5d0005 0x0 0x0 0x0 0x0 0x0 0x640005 0x0 0x0 0x0 0x0 0x0 0x670003 0x0 0x48 0x710005 0x0 0x0 0x0 0x0 0x0 oops 4 2 view/TelaLogin 8 view/TelaLogin 18 java/util/ArrayList 28 sun/awt/windows/WFramePeer
ciMethodData java/awt/Window getShape ()Ljava/awt/Shape; 2 5375 orig 264 72 50 90 90 0 0 0 0 176 239 98 20 0 0 0 0 192 1 0 0 80 0 0 0 0 0 0 0 0 0 0 0 0 0 0 0 0 0 0 0 0 0 0 0 0 0 0 0 0 0 0 0 0 0 0 0 0 0 0 0 0 0 0 0 0 0 0 0 0 0 0 0 0 0 0 0 0 0 0 0 77 68 79 32 101 120 116 114 97 32 100 97 116 97 32 108 111 99 107 0 0 0 0 0 0 0 0 0 0 0 0 0 0 0 0 0 0 0 0 0 0 0 0 0 0 0 0 0 0 0 0 0 0 0 0 0 0 0 0 0 0 0 0 0 0 0 0 0 0 0 0 0 0 0 0 0 0 0 0 0 0 0 0 0 0 0 0 0 0 0 0 0 0 0 0 0 0 0 0 0 0 0 0 0 0 0 0 0 0 0 0 0 0 0 0 0 0 0 0 0 0 0 0 0 0 0 0 0 0 0 0 0 0 0 0 0 255 0 0 0 1 160 0 0 1 0 0 0 0 0 0 0 0 0 0 0 2 0 0 0 0 0 10 0 2 0 0 0 120 0 0 0 255 255 255 255 5 0 1 0 0 0 0 0 data 15 0x10005 0x81 0x16718040 0x137f 0x0 0x0 0xb0007 0x0 0x38 0x1400 0xf0003 0x1400 0x28 0x1a0002 0x0 oops 1 2 view/TelaLogin
ciMethodData java/awt/Window getOpacity ()F 2 7423 orig 264 72 50 90 90 0 0 0 0 184 237 98 20 0 0 0 0 32 1 0 0 0 0 0 0 0 0 0 0 0 0 0 0 0 0 0 0 0 0 0 0 0 0 0 0 0 0 0 0 0 0 0 0 0 0 0 0 0 0 0 0 0 0 0 0 0 0 0 0 0 0 0 0 0 0 0 0 0 0 0 0 77 68 79 32 101 120 116 114 97 32 100 97 116 97 32 108 111 99 107 0 0 0 0 0 0 0 0 0 0 0 0 0 0 0 0 0 0 0 0 0 0 0 0 0 0 0 0 0 0 0 0 0 0 0 0 0 0 0 0 0 0 0 0 0 0 0 0 0 0 0 0 0 0 0 0 0 0 0 0 0 0 0 0 0 0 0 0 0 0 0 0 0 0 0 0 0 0 0 0 0 0 0 0 0 0 0 0 0 0 0 0 0 0 0 0 0 0 0 0 0 0 0 0 0 0 0 0 0 0 0 0 0 0 0 0 0 255 0 0 0 1 224 0 0 1 0 0 0 0 0 0 0 0 0 0 0 2 0 0 0 0 0 0 0 0 0 0 0 0 0 0 0 255 255 255 255 0 0 0 0 0 0 0 0 data 0 oops 0
ciMethodData java/awt/Window isOpaque ()Z 2 7423 orig 264 72 50 90 90 0 0 0 0 152 243 98 20 0 0 0 0 24 2 0 0 160 0 0 0 0 0 0 0 0 0 0 0 0 0 0 0 0 0 0 0 0 0 0 0 0 0 0 0 0 0 0 0 0 0 0 0 0 0 0 0 0 0 0 0 0 0 0 0 0 0 0 0 0 0 0 0 0 0 0 0 77 68 79 32 101 120 116 114 97 32 100 97 116 97 32 108 111 99 107 0 0 0 0 0 0 0 0 0 0 0 0 0 0 0 0 0 0 0 0 0 0 0 0 0 0 0 0 0 0 0 0 0 0 0 0 0 0 0 0 0 0 0 0 0 0 0 0 0 0 0 0 0 0 0 0 0 0 0 0 0 0 0 0 0 0 0 0 0 0 0 0 0 0 0 0 0 0 0 0 0 0 0 0 0 0 0 0 0 0 0 0 0 0 0 0 0 0 0 0 0 0 0 0 0 0 0 0 0 0 0 0 0 0 0 0 0 255 0 0 0 1 224 0 0 1 0 0 0 0 0 0 0 0 0 0 0 2 0 0 0 0 0 0 0 0 0 0 0 208 0 0 0 255 255 255 255 5 0 1 0 0 0 0 0 data 26 0x10005 0x0 0x16718040 0x1c00 0x0 0x0 0x60007 0x0 0xa0 0x1c00 0xa0005 0x0 0x166051a0 0x1c00 0x0 0x0 0x100007 0x0 0x38 0x1c00 0x140003 0x1c00 0x30 0x180003 0x0 0x18 oops 2 2 view/TelaLogin 12 javax/swing/plaf/ColorUIResource
ciMethodData sun/awt/windows/WWindowPeer setOpaque (Z)V 2 7423 orig 264 72 50 90 90 0 0 0 0 64 168 61 23 0 0 0 0 184 5 0 0 216 3 0 0 0 0 0 0 0 0 0 0 0 0 0 0 0 0 0 0 0 0 0 0 0 0 0 0 0 0 0 0 0 0 0 0 0 0 0 0 0 0 0 0 0 0 0 0 0 0 0 0 0 0 0 0 0 0 0 0 77 68 79 32 101 120 116 114 97 32 100 97 116 97 32 108 111 99 107 0 0 0 0 0 0 0 0 0 0 0 0 0 0 0 0 0 0 0 0 0 0 0 0 0 0 0 0 0 0 0 0 0 0 0 0 0 0 0 0 0 0 0 0 0 0 0 0 0 0 0 0 0 0 0 0 0 0 0 0 0 0 0 0 0 0 0 0 0 0 0 0 0 0 0 0 0 0 0 0 0 0 0 0 0 0 0 0 0 0 0 0 0 0 0 0 0 0 0 0 0 0 0 0 0 0 0 0 0 0 0 0 0 0 0 0 0 255 0 0 0 1 224 0 0 1 0 0 0 0 0 0 0 0 0 0 0 2 0 0 0 0 0 49 0 2 0 0 0 104 4 0 0 255 255 255 255 5 0 1 0 0 0 0 0 data 141 0x10005 0x81 0x16717ae0 0x1b7f 0x0 0x0 0xc0007 0x0 0x20 0x1c00 0x140003 0x0 0x18 0x1d0005 0x0 0x0 0x0 0x0 0x0 0x200004 0x0 0x0 0x0 0x0 0x0 0x250007 0x0 0x150 0x0 0x290005 0x0 0x0 0x0 0x0 0x0 0x2c0004 0x0 0x0 0x0 0x0 0x0 0x310005 0x0 0x0 0x0 0x0 0x0 0x340007 0x0 0xa0 0x0 0x390005 0x0 0x0 0x0 0x0 0x0 0x3c0005 0x0 0x0 0x0 0x0 0x0 0x3f0007 0x0 0x20 0x0 0x430002 0x0 0x4c0007 0x0 0x50 0x0 0x500007 0x0 0x30 0x0 0x550002 0x0 0x590005 0x0 0x0 0x0 0x0 0x0 0x670002 0x0 0x6b0007 0x0 0x88 0x0 0x760007 0x0 0x50 0x0 0x7b0005 0x0 0x0 0x0 0x0 0x0 0x830003 0x0 0x28 0x880002 0x0 0x910003 0x0 0x18 0x9d0007 0x0 0xa0 0x0 0xa10005 0x0 0x0 0x0 0x0 0x0 0xa80007 0x0 0x50 0x0 0xae0005 0x0 0x0 0x0 0x0 0x0 0xb20005 0x0 0x0 0x0 0x0 0x0 0xb50007 0x0 0x30 0x0 0xba0002 0x0 oops 1 2 sun/awt/windows/WFramePeer
ciMethodData sun/awt/windows/WComponentPeer setForeground (Ljava/awt/Color;)V 2 7423 orig 264 72 50 90 90 0 0 0 0 152 21 122 20 0 0 0 0 144 1 0 0 0 0 0 0 0 0 0 0 0 0 0 0 0 0 0 0 0 0 0 0 0 0 0 0 0 0 0 0 0 0 0 0 0 0 0 0 0 0 0 0 0 0 0 0 0 0 0 0 0 0 0 0 0 0 0 0 0 0 0 0 77 68 79 32 101 120 116 114 97 32 100 97 116 97 32 108 111 99 107 0 0 0 0 0 0 0 0 0 0 0 0 0 0 0 0 0 0 0 0 0 0 0 0 0 0 0 0 0 0 0 0 0 0 0 0 0 0 0 0 0 0 0 0 0 0 0 0 0 0 0 0 0 0 0 0 0 0 0 0 0 0 0 0 0 0 0 0 0 0 0 0 0 0 0 0 0 0 0 0 0 0 0 0 0 0 0 0 0 0 0 0 0 0 0 0 0 0 0 0 0 0 0 0 0 0 0 0 0 0 0 0 0 0 0 0 0 0 1 0 0 249 223 0 0 1 0 0 0 0 0 0 0 0 0 0 0 2 0 0 0 0 0 3 0 2 0 0 0 64 0 0 0 255 255 255 255 5 0 7 0 0 0 0 0 data 8 0x70005 0x0 0x18c42be0 0x1bff 0x0 0x0 0xa0002 0x1bff oops 1 2 java/awt/Color
ciMethodData java/awt/Window getIconImages ()Ljava/util/List; 2 6400 orig 264 72 50 90 90 0 0 0 0 224 141 98 20 0 0 0 0 216 1 0 0 112 0 0 0 0 0 0 0 0 0 0 0 0 0 0 0 0 0 0 0 0 0 0 0 0 0 0 0 0 0 0 0 0 0 0 0 0 0 0 0 0 0 0 0 0 0 0 0 0 0 0 0 0 0 0 0 0 0 0 0 77 68 79 32 101 120 116 114 97 32 100 97 116 97 32 108 111 99 107 0 0 0 0 0 0 0 0 0 0 0 0 0 0 0 0 0 0 0 0 0 0 0 0 0 0 0 0 0 0 0 0 0 0 0 0 0 0 0 0 0 0 0 0 0 0 0 0 0 0 0 0 0 0 0 0 0 0 0 0 0 0 0 0 0 0 0 0 0 0 0 0 0 0 0 0 0 0 0 0 0 0 0 0 0 0 0 0 0 0 0 0 0 0 0 0 0 0 0 0 0 0 0 0 0 0 0 0 0 0 0 0 0 0 0 0 0 0 1 0 0 1 192 0 0 1 0 0 0 0 0 0 0 0 0 0 0 2 0 0 0 0 0 8 0 2 0 0 0 144 0 0 0 255 255 255 255 7 0 6 0 0 0 0 0 data 18 0x60007 0x1800 0x70 0x0 0xa0005 0x0 0x0 0x0 0x0 0x0 0xf0007 0x0 0x30 0x0 0x160002 0x1800 0x1f0002 0x0 oops 0
ciMethodData sun/awt/windows/WCanvasPeer initialize ()V 2 6527 orig 264 72 50 90 90 0 0 0 0 40 196 61 23 0 0 0 0 0 3 0 0 200 0 0 0 0 0 0 0 0 0 0 0 0 0 0 0 0 0 0 0 0 0 0 0 0 0 0 0 0 0 0 0 0 0 0 0 0 0 0 0 0 0 0 0 0 0 0 0 0 0 0 0 0 0 0 0 0 0 0 0 77 68 79 32 101 120 116 114 97 32 100 97 116 97 32 108 111 99 107 0 0 0 0 0 0 0 0 0 0 0 0 0 0 0 0 0 0 0 0 0 0 0 0 0 0 0 0 0 0 0 0 0 0 0 0 0 0 0 0 0 0 0 0 0 0 0 0 0 0 0 0 0 0 0 0 0 0 0 0 0 0 0 0 0 0 0 0 0 0 0 0 0 0 0 0 0 0 0 0 0 0 0 0 0 0 0 0 0 0 0 0 0 0 0 0 0 0 0 0 0 0 0 0 0 0 0 0 0 0 0 0 0 0 0 0 0 127 1 0 0 1 192 0 0 1 0 0 0 0 0 0 0 0 0 0 0 2 0 0 0 0 0 20 0 2 0 0 0 184 1 0 0 255 255 255 255 2 0 1 0 0 0 0 0 data 55 0x10002 0x1800 0x40007 0x0 0x38 0x1800 0x80003 0x1800 0x18 0xf0002 0x1800 0x130002 0x1800 0x1a0004 0x0 0x16718040 0x1800 0x0 0x0 0x1d0005 0x0 0x18cf83f0 0x1800 0x0 0x0 0x200007 0x0 0x20 0x1800 0x2e0002 0x1800 0x320002 0x1800 0x390004 0x0 0x16718040 0x1800 0x0 0x0 0x3c0005 0x0 0x16718040 0x1800 0x0 0x0 0x410007 0x0 0x50 0x1800 0x460005 0x0 0x16717ae0 0x1800 0x0 0x0 oops 5 15 view/TelaLogin 21 javax/swing/SwingPaintEventDispatcher 35 view/TelaLogin 41 view/TelaLogin 51 sun/awt/windows/WFramePeer
instanceKlass javax/swing/plaf/synth/SynthTextFieldUI$1
instanceKlass java/lang/ref/ReferenceQueue$1
instanceKlass java/io/FileOutputStream$1
instanceKlass java/awt/BufferCapabilities
instanceKlass java/beans/PropertyChangeSupport$1
instanceKlass java/util/ArrayList$1
instanceKlass javax/swing/text/Utilities
instanceKlass javax/swing/text/Segment
instanceKlass java/text/CharacterIterator
instanceKlass javax/swing/text/SegmentCache
instanceKlass sun/font/SunFontManager$5
instanceKlass sun/font/StrikeCache$DisposableStrike
instanceKlass sun/font/FontStrikeDisposer
instanceKlass sun/java2d/Disposer$PollDisposable
instanceKlass sun/font/CMap
instanceKlass sun/font/T2KFontScaler$1
instanceKlass sun/font/FontScaler
instanceKlass sun/font/FontStrikeDesc
instanceKlass sun/font/SunFontManager$4
instanceKlass java/io/RandomAccessFile$1
instanceKlass sun/font/TrueTypeFont$DirectoryEntry
instanceKlass java/nio/DirectByteBuffer$Deallocator
instanceKlass sun/nio/ch/Util$BufferCache
instanceKlass sun/nio/ch/Util$2
instanceKlass sun/nio/ch/Util
instanceKlass sun/nio/ch/IOStatus
instanceKlass sun/nio/ch/NativeThread
instanceKlass java/nio/channels/spi/AbstractInterruptibleChannel$1
instanceKlass sun/nio/ch/FileDispatcherImpl$1
instanceKlass sun/nio/ch/NativeDispatcher
instanceKlass sun/nio/ch/NativeThreadSet
instanceKlass sun/nio/ch/IOUtil$1
instanceKlass sun/nio/ch/IOUtil
instanceKlass java/nio/file/attribute/FileAttribute
instanceKlass java/nio/channels/spi/AbstractInterruptibleChannel
instanceKlass java/nio/channels/InterruptibleChannel
instanceKlass java/nio/channels/ScatteringByteChannel
instanceKlass java/nio/channels/GatheringByteChannel
instanceKlass java/nio/channels/SeekableByteChannel
instanceKlass java/nio/channels/ByteChannel
instanceKlass java/nio/channels/WritableByteChannel
instanceKlass java/nio/channels/ReadableByteChannel
instanceKlass java/nio/channels/Channel
instanceKlass java/io/RandomAccessFile
instanceKlass java/io/DataOutput
instanceKlass sun/font/TrueTypeFont$1
instanceKlass sun/font/TrueTypeFont$TTDisposerRecord
instanceKlass java/util/concurrent/ConcurrentHashMap$Traverser
instanceKlass sun/font/SunFontManager$FamilyDescription
instanceKlass sun/font/FontDesignMetrics$MetricsKey
instanceKlass java/awt/FontMetrics
instanceKlass sun/awt/NullComponentPeer
instanceKlass java/awt/peer/LightweightPeer
instanceKlass sun/awt/im/ExecutableInputMethodManager$3
instanceKlass sun/awt/im/InputMethodLocator
instanceKlass sun/awt/windows/WInputMethodDescriptor
instanceKlass java/awt/im/spi/InputMethodDescriptor
instanceKlass sun/awt/im/InputMethodManager
instanceKlass sun/awt/FontConfiguration$2
instanceKlass sun/awt/NativeLibLoader$1
instanceKlass sun/awt/NativeLibLoader
instanceKlass sun/awt/PlatformFont
instanceKlass java/awt/peer/FontPeer
instanceKlass javax/swing/RepaintManager$2
instanceKlass sun/awt/windows/WComponentPeer$2
instanceKlass sun/awt/windows/WColor
instanceKlass sun/java2d/StateTracker$2
instanceKlass sun/java2d/StateTracker$1
instanceKlass sun/java2d/StateTracker
instanceKlass sun/java2d/SurfaceDataProxy
instanceKlass sun/awt/image/SurfaceManager$FlushableCacheData
instanceKlass sun/java2d/DefaultDisposerRecord
instanceKlass sun/java2d/loops/GraphicsPrimitiveMgr$PrimitiveSpec
instanceKlass sun/java2d/loops/RenderLoops
instanceKlass sun/java2d/windows/GDIRenderer
instanceKlass sun/java2d/loops/GraphicsPrimitiveMgr$2
instanceKlass sun/java2d/loops/GraphicsPrimitiveMgr$1
instanceKlass sun/java2d/loops/GeneralRenderer
instanceKlass sun/java2d/loops/CustomComponent
instanceKlass sun/java2d/pipe/ValidatePipe
instanceKlass java/awt/BasicStroke
instanceKlass java/awt/Stroke
instanceKlass java/awt/AlphaComposite
instanceKlass java/awt/Graphics
instanceKlass sun/awt/ConstrainableGraphics
instanceKlass sun/java2d/loops/CompositeType
instanceKlass sun/java2d/loops/GraphicsPrimitiveMgr
instanceKlass sun/java2d/loops/GraphicsPrimitive
instanceKlass sun/java2d/loops/XORComposite
instanceKlass java/awt/Composite
instanceKlass sun/java2d/pipe/hw/AccelGraphicsConfig
instanceKlass sun/java2d/pipe/hw/BufferedContextProvider
instanceKlass sun/java2d/d3d/D3DScreenUpdateManager$$Lambda$15
instanceKlass sun/java2d/d3d/D3DScreenUpdateManager$$Lambda$14
instanceKlass sun/java2d/ScreenUpdateManager
instanceKlass sun/awt/im/InputMethodWindow
instanceKlass sun/awt/ExtendedKeyCodes
instanceKlass sun/awt/RepaintArea
instanceKlass sun/awt/windows/WWindowPeer$GuiDisposedListener
instanceKlass sun/awt/windows/WWindowPeer$ActiveWindowListener
instanceKlass java/awt/peer/CanvasPeer
instanceKlass java/awt/peer/PanelPeer
instanceKlass java/awt/peer/FramePeer
instanceKlass java/awt/peer/WindowPeer
instanceKlass java/awt/peer/ContainerPeer
instanceKlass java/awt/image/BufferedImage$1
instanceKlass java/awt/image/WritableRenderedImage
instanceKlass java/awt/image/RenderedImage
instanceKlass java/awt/image/SampleModel
instanceKlass java/awt/image/DataBuffer$1
instanceKlass sun/awt/image/SunWritableRaster$DataStealer
instanceKlass java/awt/image/DataBuffer
instanceKlass java/awt/image/Raster
instanceKlass sun/awt/image/JPEGImageDecoder$1
instanceKlass sun/awt/image/ImageDecoder
instanceKlass java/text/DontCareFieldPosition$1
instanceKlass java/text/Format$FieldDelegate
instanceKlass java/text/DigitList
instanceKlass java/text/FieldPosition
instanceKlass java/util/Currency$CurrencyNameGetter
instanceKlass java/util/Currency$1
instanceKlass java/util/Currency
instanceKlass java/text/DecimalFormatSymbols
instanceKlass java/util/concurrent/atomic/AtomicMarkableReference$Pair
instanceKlass java/util/concurrent/atomic/AtomicMarkableReference
instanceKlass java/text/DateFormatSymbols
instanceKlass sun/util/calendar/CalendarUtils
instanceKlass sun/util/calendar/CalendarDate
instanceKlass java/util/Collections$EmptyIterator
instanceKlass sun/util/locale/LanguageTag
instanceKlass sun/util/resources/LocaleData$1
instanceKlass sun/util/resources/LocaleData
instanceKlass sun/util/locale/provider/LocaleResources
instanceKlass sun/util/locale/provider/CalendarDataUtility$CalendarWeekParameterGetter
instanceKlass sun/util/locale/provider/LocaleServiceProviderPool$LocalizedObjectGetter
instanceKlass sun/util/locale/provider/SPILocaleProviderAdapter$1
instanceKlass sun/util/locale/provider/LocaleServiceProviderPool
instanceKlass sun/util/locale/provider/CalendarDataUtility
instanceKlass java/util/Calendar$Builder
instanceKlass sun/util/locale/provider/JRELocaleProviderAdapter$1
instanceKlass sun/util/locale/provider/LocaleDataMetaInfo
instanceKlass sun/util/locale/provider/AvailableLanguageTags
instanceKlass sun/util/locale/provider/LocaleProviderAdapter$1
instanceKlass sun/util/locale/provider/ResourceBundleBasedAdapter
instanceKlass sun/util/locale/provider/LocaleProviderAdapter
instanceKlass java/util/spi/LocaleServiceProvider
instanceKlass java/util/Calendar
instanceKlass java/util/TimeZone$1
instanceKlass java/util/zip/CRC32
instanceKlass java/util/zip/Checksum
instanceKlass sun/util/calendar/ZoneInfoFile$ZoneOffsetTransitionRule
instanceKlass sun/util/calendar/ZoneInfoFile$1
instanceKlass sun/util/calendar/ZoneInfoFile
instanceKlass java/util/TimeZone
instanceKlass java/text/Format
instanceKlass java/net/URLConnection$1
instanceKlass sun/net/www/MimeEntry
instanceKlass sun/net/www/MimeTable$DefaultInstanceHolder$1
instanceKlass sun/net/www/MimeTable$DefaultInstanceHolder
instanceKlass sun/net/www/MimeTable$1
instanceKlass sun/net/www/MimeTable
instanceKlass java/net/FileNameMap
instanceKlass sun/net/DefaultProgressMeteringPolicy
instanceKlass sun/net/ProgressMeteringPolicy
instanceKlass sun/net/ProgressMonitor
instanceKlass sun/awt/image/ImageFetcher$1
instanceKlass sun/awt/image/FetcherInfo
instanceKlass sun/awt/image/ImageConsumerQueue
instanceKlass sun/awt/image/ImageWatched$Link
instanceKlass sun/awt/image/ImageWatched
instanceKlass java/awt/image/ImageConsumer
instanceKlass sun/awt/image/MultiResolutionImage
instanceKlass java/awt/MediaEntry
instanceKlass sun/awt/image/NativeLibLoader$1
instanceKlass sun/awt/image/NativeLibLoader
instanceKlass sun/awt/image/InputStreamImageSource
instanceKlass sun/awt/image/ImageFetchable
instanceKlass java/awt/image/ImageProducer
instanceKlass java/awt/MediaTracker
instanceKlass javax/accessibility/AccessibleContext
instanceKlass java/awt/image/BufferStrategy
instanceKlass javax/swing/ImageIcon$2
instanceKlass javax/swing/ImageIcon$1
instanceKlass javax/swing/ImageIcon
instanceKlass view/TelaLogin$2
instanceKlass view/TelaLogin$1
instanceKlass org/netbeans/lib/awtextra/AbsoluteConstraints
instanceKlass org/netbeans/lib/awtextra/AbsoluteLayout
instanceKlass sun/security/util/ManifestEntryVerifier
instanceKlass sun/security/util/DisabledAlgorithmConstraints$1
instanceKlass sun/security/util/DisabledAlgorithmConstraints$Constraint
instanceKlass sun/security/util/DisabledAlgorithmConstraints$Constraints
instanceKlass java/security/Security$1
instanceKlass java/security/Security
instanceKlass sun/security/util/AbstractAlgorithmConstraints$1
instanceKlass java/util/regex/ASCII
instanceKlass sun/security/util/AlgorithmDecomposer
instanceKlass sun/security/util/AbstractAlgorithmConstraints
